This file contains any messages produced by compilers while
running configure, to aid debugging if configure makes a mistake.

It was created by sbsms configure 0.0.0, which was
generated by GNU Autoconf 2.68.  Invocation command line was

  $ ./configure --prefix=/usr/lib/pydaw3/sbsms

## --------- ##
## Platform. ##
## --------- ##

hostname = wtf
uname -m = x86_64
uname -r = 3.5.0-34-generic
uname -s = Linux
uname -v = #55~precise1-Ubuntu SMP Fri Jun 7 16:25:50 UTC 2013

/usr/bin/uname -p = unknown
/bin/uname -X     = unknown

/bin/arch              = unknown
/usr/bin/arch -k       = unknown
/usr/convex/getsysinfo = unknown
/usr/bin/hostinfo      = unknown
/bin/machine           = unknown
/usr/bin/oslevel       = unknown
/bin/universe          = unknown

PATH: /usr/lib/lightdm/lightdm
PATH: /usr/local/sbin
PATH: /usr/local/bin
PATH: /usr/sbin
PATH: /usr/bin
PATH: /sbin
PATH: /bin
PATH: /usr/games


## ----------- ##
## Core tests. ##
## ----------- ##

configure:2304: checking build system type
configure:2318: result: x86_64-unknown-linux-gnu
configure:2338: checking host system type
configure:2351: result: x86_64-unknown-linux-gnu
configure:2371: checking target system type
configure:2384: result: x86_64-unknown-linux-gnu
configure:2509: checking how to print strings
configure:2536: result: printf
configure:2605: checking for gcc
configure:2621: found /usr/bin/gcc
configure:2632: result: gcc
configure:2861: checking for C compiler version
configure:2870: gcc --version >&5
gcc (Ubuntu/Linaro 4.6.3-1ubuntu5) 4.6.3
Copyright (C) 2011 Free Software Foundation, Inc.
This is free software; see the source for copying conditions.  There is NO
warranty; not even for MERCHANTABILITY or FITNESS FOR A PARTICULAR PURPOSE.

configure:2881: $? = 0
configure:2870: gcc -v >&5
Using built-in specs.
COLLECT_GCC=gcc
COLLECT_LTO_WRAPPER=/usr/lib/gcc/x86_64-linux-gnu/4.6/lto-wrapper
Target: x86_64-linux-gnu
Configured with: ../src/configure -v --with-pkgversion='Ubuntu/Linaro 4.6.3-1ubuntu5' --with-bugurl=file:///usr/share/doc/gcc-4.6/README.Bugs --enable-languages=c,c++,fortran,objc,obj-c++ --prefix=/usr --program-suffix=-4.6 --enable-shared --enable-linker-build-id --with-system-zlib --libexecdir=/usr/lib --without-included-gettext --enable-threads=posix --with-gxx-include-dir=/usr/include/c++/4.6 --libdir=/usr/lib --enable-nls --with-sysroot=/ --enable-clocale=gnu --enable-libstdcxx-debug --enable-libstdcxx-time=yes --enable-gnu-unique-object --enable-plugin --enable-objc-gc --disable-werror --with-arch-32=i686 --with-tune=generic --enable-checking=release --build=x86_64-linux-gnu --host=x86_64-linux-gnu --target=x86_64-linux-gnu
Thread model: posix
gcc version 4.6.3 (Ubuntu/Linaro 4.6.3-1ubuntu5) 
configure:2881: $? = 0
configure:2870: gcc -V >&5
gcc: error: unrecognized option '-V'
gcc: fatal error: no input files
compilation terminated.
configure:2881: $? = 4
configure:2870: gcc -qversion >&5
gcc: error: unrecognized option '-qversion'
gcc: fatal error: no input files
compilation terminated.
configure:2881: $? = 4
configure:2901: checking whether the C compiler works
configure:2923: gcc    conftest.c  >&5
configure:2927: $? = 0
configure:2975: result: yes
configure:2978: checking for C compiler default output file name
configure:2980: result: a.out
configure:2986: checking for suffix of executables
configure:2993: gcc -o conftest    conftest.c  >&5
configure:2997: $? = 0
configure:3019: result: 
configure:3041: checking whether we are cross compiling
configure:3049: gcc -o conftest    conftest.c  >&5
configure:3053: $? = 0
configure:3060: ./conftest
configure:3064: $? = 0
configure:3079: result: no
configure:3084: checking for suffix of object files
configure:3106: gcc -c   conftest.c >&5
configure:3110: $? = 0
configure:3131: result: o
configure:3135: checking whether we are using the GNU C compiler
configure:3154: gcc -c   conftest.c >&5
configure:3154: $? = 0
configure:3163: result: yes
configure:3172: checking whether gcc accepts -g
configure:3192: gcc -c -g  conftest.c >&5
configure:3192: $? = 0
configure:3233: result: yes
configure:3250: checking for gcc option to accept ISO C89
configure:3314: gcc  -c -g -O2  conftest.c >&5
configure:3314: $? = 0
configure:3327: result: none needed
configure:3347: checking for a sed that does not truncate output
configure:3411: result: /bin/sed
configure:3429: checking for grep that handles long lines and -e
configure:3487: result: /bin/grep
configure:3492: checking for egrep
configure:3554: result: /bin/grep -E
configure:3559: checking for fgrep
configure:3621: result: /bin/grep -F
configure:3656: checking for ld used by gcc
configure:3723: result: /usr/bin/ld
configure:3730: checking if the linker (/usr/bin/ld) is GNU ld
configure:3745: result: yes
configure:3757: checking for BSD- or MS-compatible name lister (nm)
configure:3806: result: /usr/bin/nm -B
configure:3936: checking the name lister (/usr/bin/nm -B) interface
configure:3943: gcc -c -g -O2  conftest.c >&5
configure:3946: /usr/bin/nm -B "conftest.o"
configure:3949: output
0000000000000000 B some_variable
configure:3956: result: BSD nm
configure:3959: checking whether ln -s works
configure:3963: result: yes
configure:3971: checking the maximum length of command line arguments
configure:4101: result: 3458764513820540925
configure:4118: checking whether the shell understands some XSI constructs
configure:4128: result: yes
configure:4132: checking whether the shell understands "+="
configure:4138: result: yes
configure:4173: checking how to convert x86_64-unknown-linux-gnu file names to x86_64-unknown-linux-gnu format
configure:4213: result: func_convert_file_noop
configure:4220: checking how to convert x86_64-unknown-linux-gnu file names to toolchain format
configure:4240: result: func_convert_file_noop
configure:4247: checking for /usr/bin/ld option to reload object files
configure:4254: result: -r
configure:4328: checking for objdump
configure:4344: found /usr/bin/objdump
configure:4355: result: objdump
configure:4387: checking how to recognize dependent libraries
configure:4589: result: pass_all
configure:4674: checking for dlltool
configure:4704: result: no
configure:4734: checking how to associate runtime and link libraries
configure:4761: result: printf %s\n
configure:4822: checking for ar
configure:4838: found /usr/bin/ar
configure:4849: result: ar
configure:4886: checking for archiver @FILE support
configure:4903: gcc -c -g -O2  conftest.c >&5
configure:4903: $? = 0
configure:4906: ar cru libconftest.a @conftest.lst >&5
configure:4909: $? = 0
configure:4914: ar cru libconftest.a @conftest.lst >&5
ar: conftest.o: No such file or directory
configure:4917: $? = 1
configure:4929: result: @
configure:4987: checking for strip
configure:5003: found /usr/bin/strip
configure:5014: result: strip
configure:5086: checking for ranlib
configure:5102: found /usr/bin/ranlib
configure:5113: result: ranlib
configure:5190: checking for gawk
configure:5220: result: no
configure:5190: checking for mawk
configure:5206: found /usr/bin/mawk
configure:5217: result: mawk
configure:5257: checking command to parse /usr/bin/nm -B output from gcc object
configure:5377: gcc -c -g -O2  conftest.c >&5
configure:5380: $? = 0
configure:5384: /usr/bin/nm -B conftest.o \| sed -n -e 's/^.*[ ]\([ABCDGIRSTW][ABCDGIRSTW]*\)[ ][ ]*\([_A-Za-z][_A-Za-z0-9]*\)$/\1 \2 \2/p' | sed '/ __gnu_lto/d' \> conftest.nm
configure:5387: $? = 0
configure:5453: gcc -o conftest -g -O2   conftest.c conftstm.o >&5
configure:5456: $? = 0
configure:5494: result: ok
configure:5531: checking for sysroot
configure:5561: result: no
configure:5638: gcc -c -g -O2  conftest.c >&5
configure:5641: $? = 0
configure:5817: checking for mt
configure:5833: found /bin/mt
configure:5844: result: mt
configure:5867: checking if mt is a manifest tool
configure:5873: mt '-?'
configure:5881: result: no
configure:6523: checking how to run the C preprocessor
configure:6554: gcc -E  conftest.c
configure:6554: $? = 0
configure:6568: gcc -E  conftest.c
conftest.c:9:28: fatal error: ac_nonexistent.h: No such file or directory
compilation terminated.
configure:6568: $? = 1
configure: failed program was:
| /* confdefs.h */
| #define PACKAGE_NAME "sbsms"
| #define PACKAGE_TARNAME "sbsms"
| #define PACKAGE_VERSION "0.0.0"
| #define PACKAGE_STRING "sbsms 0.0.0"
| #define PACKAGE_BUGREPORT ""
| #define PACKAGE_URL ""
| /* end confdefs.h.  */
| #include <ac_nonexistent.h>
configure:6593: result: gcc -E
configure:6613: gcc -E  conftest.c
configure:6613: $? = 0
configure:6627: gcc -E  conftest.c
conftest.c:9:28: fatal error: ac_nonexistent.h: No such file or directory
compilation terminated.
configure:6627: $? = 1
configure: failed program was:
| /* confdefs.h */
| #define PACKAGE_NAME "sbsms"
| #define PACKAGE_TARNAME "sbsms"
| #define PACKAGE_VERSION "0.0.0"
| #define PACKAGE_STRING "sbsms 0.0.0"
| #define PACKAGE_BUGREPORT ""
| #define PACKAGE_URL ""
| /* end confdefs.h.  */
| #include <ac_nonexistent.h>
configure:6656: checking for ANSI C header files
configure:6676: gcc -c -g -O2  conftest.c >&5
configure:6676: $? = 0
configure:6749: gcc -o conftest -g -O2   conftest.c  >&5
configure:6749: $? = 0
configure:6749: ./conftest
configure:6749: $? = 0
configure:6760: result: yes
configure:6773: checking for sys/types.h
configure:6773: gcc -c -g -O2  conftest.c >&5
configure:6773: $? = 0
configure:6773: result: yes
configure:6773: checking for sys/stat.h
configure:6773: gcc -c -g -O2  conftest.c >&5
configure:6773: $? = 0
configure:6773: result: yes
configure:6773: checking for stdlib.h
configure:6773: gcc -c -g -O2  conftest.c >&5
configure:6773: $? = 0
configure:6773: result: yes
configure:6773: checking for string.h
configure:6773: gcc -c -g -O2  conftest.c >&5
configure:6773: $? = 0
configure:6773: result: yes
configure:6773: checking for memory.h
configure:6773: gcc -c -g -O2  conftest.c >&5
configure:6773: $? = 0
configure:6773: result: yes
configure:6773: checking for strings.h
configure:6773: gcc -c -g -O2  conftest.c >&5
configure:6773: $? = 0
configure:6773: result: yes
configure:6773: checking for inttypes.h
configure:6773: gcc -c -g -O2  conftest.c >&5
configure:6773: $? = 0
configure:6773: result: yes
configure:6773: checking for stdint.h
configure:6773: gcc -c -g -O2  conftest.c >&5
configure:6773: $? = 0
configure:6773: result: yes
configure:6773: checking for unistd.h
configure:6773: gcc -c -g -O2  conftest.c >&5
configure:6773: $? = 0
configure:6773: result: yes
configure:6787: checking for dlfcn.h
configure:6787: gcc -c -g -O2  conftest.c >&5
configure:6787: $? = 0
configure:6787: result: yes
configure:6963: checking for objdir
configure:6978: result: .libs
configure:7249: checking if gcc supports -fno-rtti -fno-exceptions
configure:7267: gcc -c -g -O2  -fno-rtti -fno-exceptions conftest.c >&5
cc1: warning: command line option '-fno-rtti' is valid for C++/ObjC++ but not for C [enabled by default]
configure:7271: $? = 0
configure:7284: result: no
configure:7611: checking for gcc option to produce PIC
configure:7618: result: -fPIC -DPIC
configure:7626: checking if gcc PIC flag -fPIC -DPIC works
configure:7644: gcc -c -g -O2  -fPIC -DPIC -DPIC conftest.c >&5
configure:7648: $? = 0
configure:7661: result: yes
configure:7690: checking if gcc static flag -static works
configure:7718: result: yes
configure:7733: checking if gcc supports -c -o file.o
configure:7754: gcc -c -g -O2  -o out/conftest2.o conftest.c >&5
configure:7758: $? = 0
configure:7780: result: yes
configure:7788: checking if gcc supports -c -o file.o
configure:7835: result: yes
configure:7868: checking whether the gcc linker (/usr/bin/ld -m elf_x86_64) supports shared libraries
configure:9025: result: yes
configure:9265: checking dynamic linker characteristics
configure:9776: gcc -o conftest -g -O2   -Wl,-rpath -Wl,/foo conftest.c  >&5
configure:9776: $? = 0
configure:10010: result: GNU/Linux ld.so
configure:10117: checking how to hardcode library paths into programs
configure:10142: result: immediate
configure:10682: checking whether stripping libraries is possible
configure:10687: result: yes
configure:10722: checking if libtool supports shared libraries
configure:10724: result: yes
configure:10727: checking whether to build shared libraries
configure:10748: result: no
configure:10751: checking whether to build static libraries
configure:10755: result: yes
configure:10863: checking for g++
configure:10879: found /usr/bin/g++
configure:10890: result: g++
configure:10917: checking for C++ compiler version
configure:10926: g++ --version >&5
g++ (Ubuntu/Linaro 4.6.3-1ubuntu5) 4.6.3
Copyright (C) 2011 Free Software Foundation, Inc.
This is free software; see the source for copying conditions.  There is NO
warranty; not even for MERCHANTABILITY or FITNESS FOR A PARTICULAR PURPOSE.

configure:10937: $? = 0
configure:10926: g++ -v >&5
Using built-in specs.
COLLECT_GCC=g++
COLLECT_LTO_WRAPPER=/usr/lib/gcc/x86_64-linux-gnu/4.6/lto-wrapper
Target: x86_64-linux-gnu
Configured with: ../src/configure -v --with-pkgversion='Ubuntu/Linaro 4.6.3-1ubuntu5' --with-bugurl=file:///usr/share/doc/gcc-4.6/README.Bugs --enable-languages=c,c++,fortran,objc,obj-c++ --prefix=/usr --program-suffix=-4.6 --enable-shared --enable-linker-build-id --with-system-zlib --libexecdir=/usr/lib --without-included-gettext --enable-threads=posix --with-gxx-include-dir=/usr/include/c++/4.6 --libdir=/usr/lib --enable-nls --with-sysroot=/ --enable-clocale=gnu --enable-libstdcxx-debug --enable-libstdcxx-time=yes --enable-gnu-unique-object --enable-plugin --enable-objc-gc --disable-werror --with-arch-32=i686 --with-tune=generic --enable-checking=release --build=x86_64-linux-gnu --host=x86_64-linux-gnu --target=x86_64-linux-gnu
Thread model: posix
gcc version 4.6.3 (Ubuntu/Linaro 4.6.3-1ubuntu5) 
configure:10937: $? = 0
configure:10926: g++ -V >&5
g++: error: unrecognized option '-V'
g++: fatal error: no input files
compilation terminated.
configure:10937: $? = 4
configure:10926: g++ -qversion >&5
g++: error: unrecognized option '-qversion'
g++: fatal error: no input files
compilation terminated.
configure:10937: $? = 4
configure:10941: checking whether we are using the GNU C++ compiler
configure:10960: g++ -c   conftest.cpp >&5
configure:10960: $? = 0
configure:10969: result: yes
configure:10978: checking whether g++ accepts -g
configure:10998: g++ -c -g  conftest.cpp >&5
configure:10998: $? = 0
configure:11039: result: yes
configure:11080: checking how to run the C++ preprocessor
configure:11107: g++ -E  conftest.cpp
configure:11107: $? = 0
configure:11121: g++ -E  conftest.cpp
conftest.cpp:21:28: fatal error: ac_nonexistent.h: No such file or directory
compilation terminated.
configure:11121: $? = 1
configure: failed program was:
| /* confdefs.h */
| #define PACKAGE_NAME "sbsms"
| #define PACKAGE_TARNAME "sbsms"
| #define PACKAGE_VERSION "0.0.0"
| #define PACKAGE_STRING "sbsms 0.0.0"
| #define PACKAGE_BUGREPORT ""
| #define PACKAGE_URL ""
| #define STDC_HEADERS 1
| #define HAVE_SYS_TYPES_H 1
| #define HAVE_SYS_STAT_H 1
| #define HAVE_STDLIB_H 1
| #define HAVE_STRING_H 1
| #define HAVE_MEMORY_H 1
| #define HAVE_STRINGS_H 1
| #define HAVE_INTTYPES_H 1
| #define HAVE_STDINT_H 1
| #define HAVE_UNISTD_H 1
| #define HAVE_DLFCN_H 1
| #define LT_OBJDIR ".libs/"
| /* end confdefs.h.  */
| #include <ac_nonexistent.h>
configure:11146: result: g++ -E
configure:11166: g++ -E  conftest.cpp
configure:11166: $? = 0
configure:11180: g++ -E  conftest.cpp
conftest.cpp:21:28: fatal error: ac_nonexistent.h: No such file or directory
compilation terminated.
configure:11180: $? = 1
configure: failed program was:
| /* confdefs.h */
| #define PACKAGE_NAME "sbsms"
| #define PACKAGE_TARNAME "sbsms"
| #define PACKAGE_VERSION "0.0.0"
| #define PACKAGE_STRING "sbsms 0.0.0"
| #define PACKAGE_BUGREPORT ""
| #define PACKAGE_URL ""
| #define STDC_HEADERS 1
| #define HAVE_SYS_TYPES_H 1
| #define HAVE_SYS_STAT_H 1
| #define HAVE_STDLIB_H 1
| #define HAVE_STRING_H 1
| #define HAVE_MEMORY_H 1
| #define HAVE_STRINGS_H 1
| #define HAVE_INTTYPES_H 1
| #define HAVE_STDINT_H 1
| #define HAVE_UNISTD_H 1
| #define HAVE_DLFCN_H 1
| #define LT_OBJDIR ".libs/"
| /* end confdefs.h.  */
| #include <ac_nonexistent.h>
configure:11349: checking for ld used by g++
configure:11416: result: /usr/bin/ld -m elf_x86_64
configure:11423: checking if the linker (/usr/bin/ld -m elf_x86_64) is GNU ld
configure:11438: result: yes
configure:11493: checking whether the g++ linker (/usr/bin/ld -m elf_x86_64) supports shared libraries
configure:12498: result: yes
configure:12534: g++ -c -g -O2  conftest.cpp >&5
configure:12537: $? = 0
configure:13057: checking for g++ option to produce PIC
configure:13064: result: -fPIC -DPIC
configure:13072: checking if g++ PIC flag -fPIC -DPIC works
configure:13090: g++ -c -g -O2  -fPIC -DPIC -DPIC conftest.cpp >&5
configure:13094: $? = 0
configure:13107: result: yes
configure:13130: checking if g++ static flag -static works
configure:13158: result: yes
configure:13170: checking if g++ supports -c -o file.o
configure:13191: g++ -c -g -O2  -o out/conftest2.o conftest.cpp >&5
configure:13195: $? = 0
configure:13217: result: yes
configure:13222: checking if g++ supports -c -o file.o
configure:13269: result: yes
configure:13299: checking whether the g++ linker (/usr/bin/ld -m elf_x86_64) supports shared libraries
configure:13338: result: yes
configure:13479: checking dynamic linker characteristics
configure:14158: result: GNU/Linux ld.so
configure:14211: checking how to hardcode library paths into programs
configure:14236: result: immediate
configure:14281: checking how to run the C++ preprocessor
configure:14347: result: g++ -E
configure:14367: g++ -E  conftest.cpp
configure:14367: $? = 0
configure:14381: g++ -E  conftest.cpp
conftest.cpp:21:28: fatal error: ac_nonexistent.h: No such file or directory
compilation terminated.
configure:14381: $? = 1
configure: failed program was:
| /* confdefs.h */
| #define PACKAGE_NAME "sbsms"
| #define PACKAGE_TARNAME "sbsms"
| #define PACKAGE_VERSION "0.0.0"
| #define PACKAGE_STRING "sbsms 0.0.0"
| #define PACKAGE_BUGREPORT ""
| #define PACKAGE_URL ""
| #define STDC_HEADERS 1
| #define HAVE_SYS_TYPES_H 1
| #define HAVE_SYS_STAT_H 1
| #define HAVE_STDLIB_H 1
| #define HAVE_STRING_H 1
| #define HAVE_MEMORY_H 1
| #define HAVE_STRINGS_H 1
| #define HAVE_INTTYPES_H 1
| #define HAVE_STDINT_H 1
| #define HAVE_UNISTD_H 1
| #define HAVE_DLFCN_H 1
| #define LT_OBJDIR ".libs/"
| /* end confdefs.h.  */
| #include <ac_nonexistent.h>
configure:14414: checking for lrint
configure:14435: g++ -c   conftest.cpp >&5
configure:14435: $? = 0
configure:14442: result: yes
configure:14450: checking for lrintf
configure:14471: g++ -c   conftest.cpp >&5
configure:14471: $? = 0
configure:14478: result: yes
configure:14578: checking for pkg-config
configure:14596: found /usr/bin/pkg-config
configure:14608: result: /usr/bin/pkg-config
configure:14633: checking pkg-config is at least version 0.9.0
configure:14636: result: yes
configure:14646: checking for SBSMS
configure:14670: $PKG_CONFIG --exists --print-errors "sbsms >= 2.0.0"
configure:14673: $? = 0
configure:14711: result: yes
configure:14725: checking for SNDFILE
configure:14732: $PKG_CONFIG --exists --print-errors "sndfile >= 1.0.2"
configure:14735: $? = 0
configure:14749: $PKG_CONFIG --exists --print-errors "sndfile >= 1.0.2"
configure:14752: $? = 0
configure:14790: result: yes
configure:14802: checking for mad_stream_init in -lmad
configure:14827: g++ -o conftest    conftest.cpp -lmad   >&5
configure:14827: $? = 0
configure:14836: result: yes
configure:14873: checking for a BSD-compatible install
configure:14941: result: /usr/bin/install -c
configure:14952: checking whether build environment is sane
configure:15002: result: yes
configure:15143: checking for a thread-safe mkdir -p
configure:15182: result: /bin/mkdir -p
configure:15191: checking whether make sets $(MAKE)
configure:15213: result: yes
configure:15243: checking for style of include used by make
configure:15271: result: GNU
configure:15357: checking dependency style of gcc
configure:15468: result: gcc3
configure:15485: checking dependency style of g++
configure:15596: result: gcc3
configure:15615: checking whether to enable maintainer-specific portions of Makefiles
configure:15624: result: no
configure:15779: creating ./config.status

## ---------------------- ##
## Running config.status. ##
## ---------------------- ##

This file was extended by sbsms config.status 0.0.0, which was
generated by GNU Autoconf 2.68.  Invocation command line was

  CONFIG_FILES    = 
  CONFIG_HEADERS  = 
  CONFIG_LINKS    = 
  CONFIG_COMMANDS = 
  $ ./config.status 

on wtf

config.status:1173: creating Makefile
config.status:1173: creating src/Makefile
config.status:1173: creating src/config.h
config.status:1402: executing libtool commands
config.status:1402: executing depfiles commands

## ---------------- ##
## Cache variables. ##
## ---------------- ##

ac_cv_build=x86_64-unknown-linux-gnu
ac_cv_c99_lrint=yes
ac_cv_c99_lrintf=yes
ac_cv_c_compiler_gnu=yes
ac_cv_cxx_compiler_gnu=yes
ac_cv_env_CCC_set=
ac_cv_env_CCC_value=
ac_cv_env_CC_set=
ac_cv_env_CC_value=
ac_cv_env_CFLAGS_set=
ac_cv_env_CFLAGS_value=
ac_cv_env_CPPFLAGS_set=
ac_cv_env_CPPFLAGS_value=
ac_cv_env_CPP_set=
ac_cv_env_CPP_value=
ac_cv_env_CXXCPP_set=
ac_cv_env_CXXCPP_value=
ac_cv_env_CXXFLAGS_set=
ac_cv_env_CXXFLAGS_value=
ac_cv_env_CXX_set=
ac_cv_env_CXX_value=
ac_cv_env_LDFLAGS_set=
ac_cv_env_LDFLAGS_value=
ac_cv_env_LIBS_set=
ac_cv_env_LIBS_value=
ac_cv_env_PKG_CONFIG_LIBDIR_set=
ac_cv_env_PKG_CONFIG_LIBDIR_value=
ac_cv_env_PKG_CONFIG_PATH_set=
ac_cv_env_PKG_CONFIG_PATH_value=
ac_cv_env_PKG_CONFIG_set=
ac_cv_env_PKG_CONFIG_value=
ac_cv_env_SBSMS_CFLAGS_set=
ac_cv_env_SBSMS_CFLAGS_value=
ac_cv_env_SBSMS_LIBS_set=
ac_cv_env_SBSMS_LIBS_value=
ac_cv_env_SNDFILE_CFLAGS_set=
ac_cv_env_SNDFILE_CFLAGS_value=
ac_cv_env_SNDFILE_LIBS_set=
ac_cv_env_SNDFILE_LIBS_value=
ac_cv_env_build_alias_set=
ac_cv_env_build_alias_value=
ac_cv_env_host_alias_set=
ac_cv_env_host_alias_value=
ac_cv_env_target_alias_set=
ac_cv_env_target_alias_value=
ac_cv_header_dlfcn_h=yes
ac_cv_header_inttypes_h=yes
ac_cv_header_memory_h=yes
ac_cv_header_stdc=yes
ac_cv_header_stdint_h=yes
ac_cv_header_stdlib_h=yes
ac_cv_header_string_h=yes
ac_cv_header_strings_h=yes
ac_cv_header_sys_stat_h=yes
ac_cv_header_sys_types_h=yes
ac_cv_header_unistd_h=yes
ac_cv_host=x86_64-unknown-linux-gnu
ac_cv_lib_mad_mad_stream_init=yes
ac_cv_objext=o
ac_cv_path_EGREP='/bin/grep -E'
ac_cv_path_FGREP='/bin/grep -F'
ac_cv_path_GREP=/bin/grep
ac_cv_path_SED=/bin/sed
ac_cv_path_ac_pt_PKG_CONFIG=/usr/bin/pkg-config
ac_cv_path_install='/usr/bin/install -c'
ac_cv_path_mkdir=/bin/mkdir
ac_cv_prog_AWK=mawk
ac_cv_prog_CPP='gcc -E'
ac_cv_prog_CXXCPP='g++ -E'
ac_cv_prog_ac_ct_AR=ar
ac_cv_prog_ac_ct_CC=gcc
ac_cv_prog_ac_ct_CXX=g++
ac_cv_prog_ac_ct_MANIFEST_TOOL=mt
ac_cv_prog_ac_ct_OBJDUMP=objdump
ac_cv_prog_ac_ct_RANLIB=ranlib
ac_cv_prog_ac_ct_STRIP=strip
ac_cv_prog_cc_c89=
ac_cv_prog_cc_g=yes
ac_cv_prog_cxx_g=yes
ac_cv_prog_make_make_set=yes
ac_cv_sbsms=1
ac_cv_sndfile=1
ac_cv_target=x86_64-unknown-linux-gnu
am_cv_CC_dependencies_compiler_type=gcc3
am_cv_CXX_dependencies_compiler_type=gcc3
lt_cv_ar_at_file=@
lt_cv_deplibs_check_method=pass_all
lt_cv_file_magic_cmd='$MAGIC_CMD'
lt_cv_file_magic_test_file=
lt_cv_ld_reload_flag=-r
lt_cv_nm_interface='BSD nm'
lt_cv_objdir=.libs
lt_cv_path_LD=/usr/bin/ld
lt_cv_path_LDCXX='/usr/bin/ld -m elf_x86_64'
lt_cv_path_NM='/usr/bin/nm -B'
lt_cv_path_mainfest_tool=no
lt_cv_prog_compiler_c_o=yes
lt_cv_prog_compiler_c_o_CXX=yes
lt_cv_prog_compiler_pic='-fPIC -DPIC'
lt_cv_prog_compiler_pic_CXX='-fPIC -DPIC'
lt_cv_prog_compiler_pic_works=yes
lt_cv_prog_compiler_pic_works_CXX=yes
lt_cv_prog_compiler_rtti_exceptions=no
lt_cv_prog_compiler_static_works=yes
lt_cv_prog_compiler_static_works_CXX=yes
lt_cv_prog_gnu_ld=yes
lt_cv_prog_gnu_ldcxx=yes
lt_cv_sharedlib_from_linklib_cmd='printf %s\n'
lt_cv_shlibpath_overrides_runpath=no
lt_cv_sys_global_symbol_pipe='sed -n -e '\''s/^.*[	 ]\([ABCDGIRSTW][ABCDGIRSTW]*\)[	 ][	 ]*\([_A-Za-z][_A-Za-z0-9]*\)$/\1 \2 \2/p'\'' | sed '\''/ __gnu_lto/d'\'''
lt_cv_sys_global_symbol_to_c_name_address='sed -n -e '\''s/^: \([^ ]*\)[ ]*$/  {\"\1\", (void *) 0},/p'\'' -e '\''s/^[ABCDGIRSTW]* \([^ ]*\) \([^ ]*\)$/  {"\2", (void *) \&\2},/p'\'''
lt_cv_sys_global_symbol_to_c_name_address_lib_prefix='sed -n -e '\''s/^: \([^ ]*\)[ ]*$/  {\"\1\", (void *) 0},/p'\'' -e '\''s/^[ABCDGIRSTW]* \([^ ]*\) \(lib[^ ]*\)$/  {"\2", (void *) \&\2},/p'\'' -e '\''s/^[ABCDGIRSTW]* \([^ ]*\) \([^ ]*\)$/  {"lib\2", (void *) \&\2},/p'\'''
lt_cv_sys_global_symbol_to_cdecl='sed -n -e '\''s/^T .* \(.*\)$/extern int \1();/p'\'' -e '\''s/^[ABCDGIRSTW]* .* \(.*\)$/extern char \1;/p'\'''
lt_cv_sys_max_cmd_len=3458764513820540925
lt_cv_to_host_file_cmd=func_convert_file_noop
lt_cv_to_tool_file_cmd=func_convert_file_noop
pkg_cv_SBSMS_CFLAGS='-ffast-math -O3 -fomit-frame-pointer'
pkg_cv_SBSMS_LIBS='-lsbsms  '
pkg_cv_SNDFILE_CFLAGS=' '
pkg_cv_SNDFILE_LIBS='-lsndfile  '

## ----------------- ##
## Output variables. ##
## ----------------- ##

ACLOCAL='${SHELL} /home/bob/Desktop/audiocode/plugins/pydaw_sbsms/missing --run aclocal-1.11'
AMDEPBACKSLASH='\'
AMDEP_FALSE='#'
AMDEP_TRUE=''
AMTAR='$${TAR-tar}'
AR='ar'
AUTOCONF='${SHELL} /home/bob/Desktop/audiocode/plugins/pydaw_sbsms/missing --run autoconf'
AUTOHEADER='${SHELL} /home/bob/Desktop/audiocode/plugins/pydaw_sbsms/missing --run autoheader'
AUTOMAKE='${SHELL} /home/bob/Desktop/audiocode/plugins/pydaw_sbsms/missing --run automake-1.11'
AWK='mawk'
CC='gcc'
CCDEPMODE='depmode=gcc3'
CFLAGS='-g -O2'
CPP='gcc -E'
CPPFLAGS=''
CXX='g++'
CXXCPP='g++ -E'
CXXDEPMODE='depmode=gcc3'
CXXFLAGS=''
CYGPATH_W='echo'
DEFS='-DHAVE_CONFIG_H'
DEPDIR='.deps'
DLLTOOL='false'
DSYMUTIL=''
DUMPBIN=''
ECHO_C=''
ECHO_N='-n'
ECHO_T=''
EGREP='/bin/grep -E'
EXEEXT=''
FGREP='/bin/grep -F'
GREP='/bin/grep'
INSTALL_DATA='${INSTALL} -m 644'
INSTALL_PROGRAM='${INSTALL}'
INSTALL_SCRIPT='${INSTALL}'
INSTALL_STRIP_PROGRAM='$(install_sh) -c -s'
LD='/usr/bin/ld -m elf_x86_64'
LDFLAGS=''
LIBOBJS=''
LIBS='-lmad '
LIBTOOL='$(SHELL) $(top_builddir)/libtool'
LIPO=''
LN_S='ln -s'
LTLIBOBJS=''
MAD_CFLAGS=''
MAD_LIBS='-lmad'
MAINT='#'
MAINTAINER_MODE_FALSE=''
MAINTAINER_MODE_TRUE='#'
MAKEINFO='${SHELL} /home/bob/Desktop/audiocode/plugins/pydaw_sbsms/missing --run makeinfo'
MANIFEST_TOOL=':'
MKDIR_P='/bin/mkdir -p'
NM='/usr/bin/nm -B'
NMEDIT=''
OBJDUMP='objdump'
OBJEXT='o'
OTOOL64=''
OTOOL=''
PACKAGE='sbsms'
PACKAGE_BUGREPORT=''
PACKAGE_NAME='sbsms'
PACKAGE_STRING='sbsms 0.0.0'
PACKAGE_TARNAME='sbsms'
PACKAGE_URL=''
PACKAGE_VERSION='0.0.0'
PATH_SEPARATOR=':'
PKG_CONFIG='/usr/bin/pkg-config'
PKG_CONFIG_LIBDIR=''
PKG_CONFIG_PATH=''
RANLIB='ranlib'
SBSMS_CFLAGS='-ffast-math -O3 -fomit-frame-pointer'
SBSMS_LIBS='-lsbsms  '
SED='/bin/sed'
SET_MAKE=''
SHARED_VERSION_INFO='0:0:0'
SHELL='/bin/bash'
SHLIB_VERSION_ARG=''
SNDFILE_CFLAGS=' '
SNDFILE_LIBS='-lsndfile  '
STRIP='strip'
VERSION='0.0.0'
ac_ct_AR='ar'
ac_ct_CC='gcc'
ac_ct_CXX='g++'
ac_ct_DUMPBIN=''
am__EXEEXT_FALSE=''
am__EXEEXT_TRUE='#'
am__fastdepCC_FALSE='#'
am__fastdepCC_TRUE=''
am__fastdepCXX_FALSE='#'
am__fastdepCXX_TRUE=''
am__include='include'
am__isrc=''
am__leading_dot='.'
am__nodep='_no'
am__quote=''
am__tar='$${TAR-tar} chof - "$$tardir"'
am__untar='$${TAR-tar} xf -'
bindir='${exec_prefix}/bin'
build='x86_64-unknown-linux-gnu'
build_alias=''
build_cpu='x86_64'
build_os='linux-gnu'
build_vendor='unknown'
datadir='${datarootdir}'
datarootdir='${prefix}/share'
docdir='${datarootdir}/doc/${PACKAGE_TARNAME}'
dvidir='${docdir}'
exec_prefix='${prefix}'
host='x86_64-unknown-linux-gnu'
host_alias=''
host_cpu='x86_64'
host_os='linux-gnu'
host_vendor='unknown'
htmldir='${docdir}'
includedir='${prefix}/include'
infodir='${datarootdir}/info'
install_sh='${SHELL} /home/bob/Desktop/audiocode/plugins/pydaw_sbsms/install-sh'
libdir='${exec_prefix}/lib'
libexecdir='${exec_prefix}/libexec'
localedir='${datarootdir}/locale'
localstatedir='${prefix}/var'
mandir='${datarootdir}/man'
mkdir_p='/bin/mkdir -p'
oldincludedir='/usr/include'
pdfdir='${docdir}'
prefix='/usr/lib/pydaw3/sbsms'
program_transform_name='s,x,x,'
psdir='${docdir}'
sbindir='${exec_prefix}/sbin'
sharedstatedir='${prefix}/com'
sysconfdir='${prefix}/etc'
target='x86_64-unknown-linux-gnu'
target_alias=''
target_cpu='x86_64'
target_os='linux-gnu'
target_vendor='unknown'

## ----------- ##
## confdefs.h. ##
## ----------- ##

/* confdefs.h */
#define PACKAGE_NAME "sbsms"
#define PACKAGE_TARNAME "sbsms"
#define PACKAGE_VERSION "0.0.0"
#define PACKAGE_STRING "sbsms 0.0.0"
#define PACKAGE_BUGREPORT ""
#define PACKAGE_URL ""
#define STDC_HEADERS 1
#define HAVE_SYS_TYPES_H 1
#define HAVE_SYS_STAT_H 1
#define HAVE_STDLIB_H 1
#define HAVE_STRING_H 1
#define HAVE_MEMORY_H 1
#define HAVE_STRINGS_H 1
#define HAVE_INTTYPES_H 1
#define HAVE_STDINT_H 1
#define HAVE_UNISTD_H 1
#define HAVE_DLFCN_H 1
#define LT_OBJDIR ".libs/"
#define HAVE_LRINT 1
#define HAVE_LRINTF 1
#define HAVE_LIBMAD 1
#define PACKAGE "sbsms"
#define VERSION "0.0.0"

configure: exit 0
