This file contains any messages produced by compilers while
running configure, to aid debugging if configure makes a mistake.

It was created by DSSI configure 1.1.1, which was
generated by GNU Autoconf 2.67.  Invocation command line was

  $ ./configure 

## --------- ##
## Platform. ##
## --------- ##

hostname = vmuser-GA-990XA-UD3
uname -m = x86_64
uname -r = 2.6.38-13-generic
uname -s = Linux
uname -v = #53-Ubuntu SMP Mon Nov 28 19:33:45 UTC 2011

/usr/bin/uname -p = unknown
/bin/uname -X     = unknown

/bin/arch              = unknown
/usr/bin/arch -k       = unknown
/usr/convex/getsysinfo = unknown
/usr/bin/hostinfo      = unknown
/bin/machine           = unknown
/usr/bin/oslevel       = unknown
/bin/universe          = unknown

PATH: /usr/local/sbin
PATH: /usr/local/bin
PATH: /usr/sbin
PATH: /usr/bin
PATH: /sbin
PATH: /bin
PATH: /usr/games


## ----------- ##
## Core tests. ##
## ----------- ##

configure:2637: checking for a BSD-compatible install
configure:2705: result: /usr/bin/install -c
configure:2716: checking whether build environment is sane
configure:2766: result: yes
configure:2907: checking for a thread-safe mkdir -p
configure:2946: result: /bin/mkdir -p
configure:2959: checking for gawk
configure:2989: result: no
configure:2959: checking for mawk
configure:2975: found /usr/bin/mawk
configure:2986: result: mawk
configure:2997: checking whether make sets $(MAKE)
configure:3019: result: yes
configure:3150: checking for gcc
configure:3166: found /usr/bin/gcc
configure:3177: result: gcc
configure:3406: checking for C compiler version
configure:3415: gcc --version >&5
gcc (Ubuntu/Linaro 4.5.2-8ubuntu4) 4.5.2
Copyright (C) 2010 Free Software Foundation, Inc.
This is free software; see the source for copying conditions.  There is NO
warranty; not even for MERCHANTABILITY or FITNESS FOR A PARTICULAR PURPOSE.

configure:3426: $? = 0
configure:3415: gcc -v >&5
Using built-in specs.
COLLECT_GCC=gcc
COLLECT_LTO_WRAPPER=/usr/lib/x86_64-linux-gnu/gcc/x86_64-linux-gnu/4.5.2/lto-wrapper
Target: x86_64-linux-gnu
Configured with: ../src/configure -v --with-pkgversion='Ubuntu/Linaro 4.5.2-8ubuntu4' --with-bugurl=file:///usr/share/doc/gcc-4.5/README.Bugs --enable-languages=c,c++,fortran,objc,obj-c++ --prefix=/usr --program-suffix=-4.5 --enable-shared --enable-multiarch --with-multiarch-defaults=x86_64-linux-gnu --enable-linker-build-id --with-system-zlib --libexecdir=/usr/lib/x86_64-linux-gnu --without-included-gettext --enable-threads=posix --with-gxx-include-dir=/usr/include/c++/4.5 --libdir=/usr/lib/x86_64-linux-gnu --enable-nls --with-sysroot=/ --enable-clocale=gnu --enable-libstdcxx-debug --enable-libstdcxx-time=yes --enable-plugin --enable-gold --enable-ld=default --with-plugin-ld=ld.gold --enable-objc-gc --disable-werror --with-arch-32=i686 --with-tune=generic --enable-checking=release --build=x86_64-linux-gnu --host=x86_64-linux-gnu --target=x86_64-linux-gnu
Thread model: posix
gcc version 4.5.2 (Ubuntu/Linaro 4.5.2-8ubuntu4) 
configure:3426: $? = 0
configure:3415: gcc -V >&5
gcc: '-V' option must have argument
configure:3426: $? = 1
configure:3415: gcc -qversion >&5
gcc: unrecognized option '-qversion'
gcc: no input files
configure:3426: $? = 1
configure:3446: checking whether the C compiler works
configure:3468: gcc    conftest.c  >&5
configure:3472: $? = 0
configure:3520: result: yes
configure:3523: checking for C compiler default output file name
configure:3525: result: a.out
configure:3531: checking for suffix of executables
configure:3538: gcc -o conftest    conftest.c  >&5
configure:3542: $? = 0
configure:3564: result: 
configure:3586: checking whether we are cross compiling
configure:3594: gcc -o conftest    conftest.c  >&5
configure:3598: $? = 0
configure:3605: ./conftest
configure:3609: $? = 0
configure:3624: result: no
configure:3629: checking for suffix of object files
configure:3651: gcc -c   conftest.c >&5
configure:3655: $? = 0
configure:3676: result: o
configure:3680: checking whether we are using the GNU C compiler
configure:3699: gcc -c   conftest.c >&5
configure:3699: $? = 0
configure:3708: result: yes
configure:3717: checking whether gcc accepts -g
configure:3737: gcc -c -g  conftest.c >&5
configure:3737: $? = 0
configure:3778: result: yes
configure:3795: checking for gcc option to accept ISO C89
configure:3859: gcc  -c -g -O2  conftest.c >&5
configure:3859: $? = 0
configure:3872: result: none needed
configure:3903: checking for style of include used by make
configure:3931: result: GNU
configure:3956: checking dependency style of gcc
configure:4066: result: gcc3
configure:4139: checking for g++
configure:4155: found /usr/bin/g++
configure:4166: result: g++
configure:4193: checking for C++ compiler version
configure:4202: g++ --version >&5
g++ (Ubuntu/Linaro 4.5.2-8ubuntu4) 4.5.2
Copyright (C) 2010 Free Software Foundation, Inc.
This is free software; see the source for copying conditions.  There is NO
warranty; not even for MERCHANTABILITY or FITNESS FOR A PARTICULAR PURPOSE.

configure:4213: $? = 0
configure:4202: g++ -v >&5
Using built-in specs.
COLLECT_GCC=g++
COLLECT_LTO_WRAPPER=/usr/lib/x86_64-linux-gnu/gcc/x86_64-linux-gnu/4.5.2/lto-wrapper
Target: x86_64-linux-gnu
Configured with: ../src/configure -v --with-pkgversion='Ubuntu/Linaro 4.5.2-8ubuntu4' --with-bugurl=file:///usr/share/doc/gcc-4.5/README.Bugs --enable-languages=c,c++,fortran,objc,obj-c++ --prefix=/usr --program-suffix=-4.5 --enable-shared --enable-multiarch --with-multiarch-defaults=x86_64-linux-gnu --enable-linker-build-id --with-system-zlib --libexecdir=/usr/lib/x86_64-linux-gnu --without-included-gettext --enable-threads=posix --with-gxx-include-dir=/usr/include/c++/4.5 --libdir=/usr/lib/x86_64-linux-gnu --enable-nls --with-sysroot=/ --enable-clocale=gnu --enable-libstdcxx-debug --enable-libstdcxx-time=yes --enable-plugin --enable-gold --enable-ld=default --with-plugin-ld=ld.gold --enable-objc-gc --disable-werror --with-arch-32=i686 --with-tune=generic --enable-checking=release --build=x86_64-linux-gnu --host=x86_64-linux-gnu --target=x86_64-linux-gnu
Thread model: posix
gcc version 4.5.2 (Ubuntu/Linaro 4.5.2-8ubuntu4) 
configure:4213: $? = 0
configure:4202: g++ -V >&5
g++: '-V' option must have argument
configure:4213: $? = 1
configure:4202: g++ -qversion >&5
g++: unrecognized option '-qversion'
g++: no input files
configure:4213: $? = 1
configure:4217: checking whether we are using the GNU C++ compiler
configure:4236: g++ -c   conftest.cpp >&5
configure:4236: $? = 0
configure:4245: result: yes
configure:4254: checking whether g++ accepts -g
configure:4274: g++ -c -g  conftest.cpp >&5
configure:4274: $? = 0
configure:4315: result: yes
configure:4340: checking dependency style of g++
configure:4450: result: gcc3
configure:4556: checking build system type
configure:4570: result: x86_64-unknown-linux-gnu
configure:4590: checking host system type
configure:4603: result: x86_64-unknown-linux-gnu
configure:4623: checking for a sed that does not truncate output
configure:4687: result: /bin/sed
configure:4705: checking for grep that handles long lines and -e
configure:4763: result: /bin/grep
configure:4768: checking for egrep
configure:4830: result: /bin/grep -E
configure:4835: checking for fgrep
configure:4897: result: /bin/grep -F
configure:4932: checking for ld used by gcc
configure:4999: result: /usr/bin/ld
configure:5006: checking if the linker (/usr/bin/ld) is GNU ld
configure:5021: result: yes
configure:5033: checking for BSD- or MS-compatible name lister (nm)
configure:5082: result: /usr/bin/nm -B
configure:5200: checking the name lister (/usr/bin/nm -B) interface
configure:5207: gcc -c -g -O2  conftest.c >&5
configure:5210: /usr/bin/nm -B "conftest.o"
configure:5213: output
0000000000000000 B some_variable
configure:5220: result: BSD nm
configure:5223: checking whether ln -s works
configure:5227: result: yes
configure:5235: checking the maximum length of command line arguments
configure:5355: result: 1572864
configure:5372: checking whether the shell understands some XSI constructs
configure:5382: result: yes
configure:5386: checking whether the shell understands "+="
configure:5392: result: yes
configure:5427: checking for /usr/bin/ld option to reload object files
configure:5434: result: -r
configure:5503: checking for objdump
configure:5519: found /usr/bin/objdump
configure:5530: result: objdump
configure:5562: checking how to recognize dependent libraries
configure:5758: result: pass_all
configure:5818: checking for ar
configure:5834: found /usr/bin/ar
configure:5845: result: ar
configure:5923: checking for strip
configure:5939: found /usr/bin/strip
configure:5950: result: strip
configure:6022: checking for ranlib
configure:6038: found /usr/bin/ranlib
configure:6049: result: ranlib
configure:6139: checking command to parse /usr/bin/nm -B output from gcc object
configure:6257: gcc -c -g -O2  conftest.c >&5
configure:6260: $? = 0
configure:6264: /usr/bin/nm -B conftest.o \| sed -n -e 's/^.*[	 ]\([ABCDGIRSTW][ABCDGIRSTW]*\)[	 ][	 ]*\([_A-Za-z][_A-Za-z0-9]*\)$/\1 \2 \2/p' \> conftest.nm
configure:6267: $? = 0
configure:6321: gcc -o conftest -g -O2   conftest.c conftstm.o >&5
configure:6324: $? = 0
configure:6362: result: ok
configure:6458: gcc -c -g -O2  conftest.c >&5
configure:6461: $? = 0
configure:7171: checking how to run the C preprocessor
configure:7202: gcc -E  conftest.c
configure:7202: $? = 0
configure:7216: gcc -E  conftest.c
conftest.c:11:28: fatal error: ac_nonexistent.h: No such file or directory
compilation terminated.
configure:7216: $? = 1
configure: failed program was:
| /* confdefs.h */
| #define PACKAGE_NAME "DSSI"
| #define PACKAGE_TARNAME "dssi"
| #define PACKAGE_VERSION "1.1.1"
| #define PACKAGE_STRING "DSSI 1.1.1"
| #define PACKAGE_BUGREPORT "dssi-devel@lists.sourceforge.net"
| #define PACKAGE_URL ""
| #define PACKAGE "dssi"
| #define VERSION "1.1.1"
| /* end confdefs.h.  */
| #include <ac_nonexistent.h>
configure:7241: result: gcc -E
configure:7261: gcc -E  conftest.c
configure:7261: $? = 0
configure:7275: gcc -E  conftest.c
conftest.c:11:28: fatal error: ac_nonexistent.h: No such file or directory
compilation terminated.
configure:7275: $? = 1
configure: failed program was:
| /* confdefs.h */
| #define PACKAGE_NAME "DSSI"
| #define PACKAGE_TARNAME "dssi"
| #define PACKAGE_VERSION "1.1.1"
| #define PACKAGE_STRING "DSSI 1.1.1"
| #define PACKAGE_BUGREPORT "dssi-devel@lists.sourceforge.net"
| #define PACKAGE_URL ""
| #define PACKAGE "dssi"
| #define VERSION "1.1.1"
| /* end confdefs.h.  */
| #include <ac_nonexistent.h>
configure:7304: checking for ANSI C header files
configure:7324: gcc -c -g -O2  conftest.c >&5
configure:7324: $? = 0
configure:7397: gcc -o conftest -g -O2   conftest.c  >&5
configure:7397: $? = 0
configure:7397: ./conftest
configure:7397: $? = 0
configure:7408: result: yes
configure:7421: checking for sys/types.h
configure:7421: gcc -c -g -O2  conftest.c >&5
configure:7421: $? = 0
configure:7421: result: yes
configure:7421: checking for sys/stat.h
configure:7421: gcc -c -g -O2  conftest.c >&5
configure:7421: $? = 0
configure:7421: result: yes
configure:7421: checking for stdlib.h
configure:7421: gcc -c -g -O2  conftest.c >&5
configure:7421: $? = 0
configure:7421: result: yes
configure:7421: checking for string.h
configure:7421: gcc -c -g -O2  conftest.c >&5
configure:7421: $? = 0
configure:7421: result: yes
configure:7421: checking for memory.h
configure:7421: gcc -c -g -O2  conftest.c >&5
configure:7421: $? = 0
configure:7421: result: yes
configure:7421: checking for strings.h
configure:7421: gcc -c -g -O2  conftest.c >&5
configure:7421: $? = 0
configure:7421: result: yes
configure:7421: checking for inttypes.h
configure:7421: gcc -c -g -O2  conftest.c >&5
configure:7421: $? = 0
configure:7421: result: yes
configure:7421: checking for stdint.h
configure:7421: gcc -c -g -O2  conftest.c >&5
configure:7421: $? = 0
configure:7421: result: yes
configure:7421: checking for unistd.h
configure:7421: gcc -c -g -O2  conftest.c >&5
configure:7421: $? = 0
configure:7421: result: yes
configure:7435: checking for dlfcn.h
configure:7435: gcc -c -g -O2  conftest.c >&5
configure:7435: $? = 0
configure:7435: result: yes
configure:7560: checking for C++ compiler version
configure:7569: g++ --version >&5
g++ (Ubuntu/Linaro 4.5.2-8ubuntu4) 4.5.2
Copyright (C) 2010 Free Software Foundation, Inc.
This is free software; see the source for copying conditions.  There is NO
warranty; not even for MERCHANTABILITY or FITNESS FOR A PARTICULAR PURPOSE.

configure:7580: $? = 0
configure:7569: g++ -v >&5
Using built-in specs.
COLLECT_GCC=g++
COLLECT_LTO_WRAPPER=/usr/lib/x86_64-linux-gnu/gcc/x86_64-linux-gnu/4.5.2/lto-wrapper
Target: x86_64-linux-gnu
Configured with: ../src/configure -v --with-pkgversion='Ubuntu/Linaro 4.5.2-8ubuntu4' --with-bugurl=file:///usr/share/doc/gcc-4.5/README.Bugs --enable-languages=c,c++,fortran,objc,obj-c++ --prefix=/usr --program-suffix=-4.5 --enable-shared --enable-multiarch --with-multiarch-defaults=x86_64-linux-gnu --enable-linker-build-id --with-system-zlib --libexecdir=/usr/lib/x86_64-linux-gnu --without-included-gettext --enable-threads=posix --with-gxx-include-dir=/usr/include/c++/4.5 --libdir=/usr/lib/x86_64-linux-gnu --enable-nls --with-sysroot=/ --enable-clocale=gnu --enable-libstdcxx-debug --enable-libstdcxx-time=yes --enable-plugin --enable-gold --enable-ld=default --with-plugin-ld=ld.gold --enable-objc-gc --disable-werror --with-arch-32=i686 --with-tune=generic --enable-checking=release --build=x86_64-linux-gnu --host=x86_64-linux-gnu --target=x86_64-linux-gnu
Thread model: posix
gcc version 4.5.2 (Ubuntu/Linaro 4.5.2-8ubuntu4) 
configure:7580: $? = 0
configure:7569: g++ -V >&5
g++: '-V' option must have argument
configure:7580: $? = 1
configure:7569: g++ -qversion >&5
g++: unrecognized option '-qversion'
g++: no input files
configure:7580: $? = 1
configure:7584: checking whether we are using the GNU C++ compiler
configure:7612: result: yes
configure:7621: checking whether g++ accepts -g
configure:7682: result: yes
configure:7707: checking dependency style of g++
configure:7817: result: gcc3
configure:7840: checking how to run the C++ preprocessor
configure:7867: g++ -E  conftest.cpp
configure:7867: $? = 0
configure:7881: g++ -E  conftest.cpp
conftest.cpp:22:28: fatal error: ac_nonexistent.h: No such file or directory
compilation terminated.
configure:7881: $? = 1
configure: failed program was:
| /* confdefs.h */
| #define PACKAGE_NAME "DSSI"
| #define PACKAGE_TARNAME "dssi"
| #define PACKAGE_VERSION "1.1.1"
| #define PACKAGE_STRING "DSSI 1.1.1"
| #define PACKAGE_BUGREPORT "dssi-devel@lists.sourceforge.net"
| #define PACKAGE_URL ""
| #define PACKAGE "dssi"
| #define VERSION "1.1.1"
| #define STDC_HEADERS 1
| #define HAVE_SYS_TYPES_H 1
| #define HAVE_SYS_STAT_H 1
| #define HAVE_STDLIB_H 1
| #define HAVE_STRING_H 1
| #define HAVE_MEMORY_H 1
| #define HAVE_STRINGS_H 1
| #define HAVE_INTTYPES_H 1
| #define HAVE_STDINT_H 1
| #define HAVE_UNISTD_H 1
| #define HAVE_DLFCN_H 1
| /* end confdefs.h.  */
| #include <ac_nonexistent.h>
configure:7906: result: g++ -E
configure:7926: g++ -E  conftest.cpp
configure:7926: $? = 0
configure:7940: g++ -E  conftest.cpp
conftest.cpp:22:28: fatal error: ac_nonexistent.h: No such file or directory
compilation terminated.
configure:7940: $? = 1
configure: failed program was:
| /* confdefs.h */
| #define PACKAGE_NAME "DSSI"
| #define PACKAGE_TARNAME "dssi"
| #define PACKAGE_VERSION "1.1.1"
| #define PACKAGE_STRING "DSSI 1.1.1"
| #define PACKAGE_BUGREPORT "dssi-devel@lists.sourceforge.net"
| #define PACKAGE_URL ""
| #define PACKAGE "dssi"
| #define VERSION "1.1.1"
| #define STDC_HEADERS 1
| #define HAVE_SYS_TYPES_H 1
| #define HAVE_SYS_STAT_H 1
| #define HAVE_STDLIB_H 1
| #define HAVE_STRING_H 1
| #define HAVE_MEMORY_H 1
| #define HAVE_STRINGS_H 1
| #define HAVE_INTTYPES_H 1
| #define HAVE_STDINT_H 1
| #define HAVE_UNISTD_H 1
| #define HAVE_DLFCN_H 1
| /* end confdefs.h.  */
| #include <ac_nonexistent.h>
configure:8086: checking for objdir
configure:8101: result: .libs
configure:8393: checking if gcc supports -fno-rtti -fno-exceptions
configure:8411: gcc -c -g -O2  -fno-rtti -fno-exceptions conftest.c >&5
cc1: warning: command line option "-fno-rtti" is valid for C++/ObjC++ but not for C
configure:8415: $? = 0
configure:8428: result: no
configure:8448: checking for gcc option to produce PIC
configure:8720: result: -fPIC -DPIC
configure:8732: checking if gcc PIC flag -fPIC -DPIC works
configure:8750: gcc -c -g -O2  -fPIC -DPIC -DPIC conftest.c >&5
configure:8754: $? = 0
configure:8767: result: yes
configure:8791: checking if gcc static flag -static works
configure:8819: result: yes
configure:8834: checking if gcc supports -c -o file.o
configure:8855: gcc -c -g -O2  -o out/conftest2.o conftest.c >&5
configure:8859: $? = 0
configure:8881: result: yes
configure:8889: checking if gcc supports -c -o file.o
configure:8936: result: yes
configure:8969: checking whether the gcc linker (/usr/bin/ld -m elf_x86_64) supports shared libraries
configure:9960: result: yes
configure:9997: checking whether -lc should be explicitly linked in
configure:10002: gcc -c -g -O2  conftest.c >&5
configure:10005: $? = 0
configure:10020: gcc -shared conftest.o  -v -Wl,-soname -Wl,conftest -o conftest 2\>\&1 \| /bin/grep  -lc  \>/dev/null 2\>\&1
configure:10023: $? = 0
configure:10035: result: no
configure:10199: checking dynamic linker characteristics
configure:10632: gcc -o conftest -g -O2   -Wl,-rpath -Wl,/foo conftest.c  >&5
configure:10632: $? = 0
configure:10862: result: GNU/Linux ld.so
configure:10964: checking how to hardcode library paths into programs
configure:10989: result: immediate
configure:11509: checking whether stripping libraries is possible
configure:11514: result: yes
configure:11549: checking if libtool supports shared libraries
configure:11551: result: yes
configure:11554: checking whether to build shared libraries
configure:11575: result: yes
configure:11578: checking whether to build static libraries
configure:11582: result: no
configure:11732: checking for ld used by g++
configure:11799: result: /usr/bin/ld -m elf_x86_64
configure:11806: checking if the linker (/usr/bin/ld -m elf_x86_64) is GNU ld
configure:11821: result: yes
configure:11876: checking whether the g++ linker (/usr/bin/ld -m elf_x86_64) supports shared libraries
configure:12789: result: yes
configure:12817: g++ -c -g -O2  conftest.cpp >&5
configure:12820: $? = 0
configure:13002: checking for g++ option to produce PIC
configure:13319: result: -fPIC -DPIC
configure:13328: checking if g++ PIC flag -fPIC -DPIC works
configure:13346: g++ -c -g -O2  -fPIC -DPIC -DPIC conftest.cpp >&5
configure:13350: $? = 0
configure:13363: result: yes
configure:13384: checking if g++ static flag -static works
configure:13412: result: yes
configure:13424: checking if g++ supports -c -o file.o
configure:13445: g++ -c -g -O2  -o out/conftest2.o conftest.cpp >&5
configure:13449: $? = 0
configure:13471: result: yes
configure:13476: checking if g++ supports -c -o file.o
configure:13523: result: yes
configure:13553: checking whether the g++ linker (/usr/bin/ld -m elf_x86_64) supports shared libraries
configure:13582: result: yes
configure:13719: checking dynamic linker characteristics
configure:14100: g++ -o conftest -g -O2   -Wl,-rpath -Wl,/foo conftest.cpp  >&5
configure:14100: $? = 0
configure:14330: result: GNU/Linux ld.so
configure:14381: checking how to hardcode library paths into programs
configure:14406: result: immediate
configure:14464: checking whether ln -s works
configure:14468: result: yes
configure:14476: checking whether byte ordering is bigendian
configure:14491: gcc -c -g -O2  conftest.c >&5
conftest.c:24:13: error: expected '=', ',', ';', 'asm' or '__attribute__' before 'a'
configure:14491: $? = 1
configure: failed program was:
| /* confdefs.h */
| #define PACKAGE_NAME "DSSI"
| #define PACKAGE_TARNAME "dssi"
| #define PACKAGE_VERSION "1.1.1"
| #define PACKAGE_STRING "DSSI 1.1.1"
| #define PACKAGE_BUGREPORT "dssi-devel@lists.sourceforge.net"
| #define PACKAGE_URL ""
| #define PACKAGE "dssi"
| #define VERSION "1.1.1"
| #define STDC_HEADERS 1
| #define HAVE_SYS_TYPES_H 1
| #define HAVE_SYS_STAT_H 1
| #define HAVE_STDLIB_H 1
| #define HAVE_STRING_H 1
| #define HAVE_MEMORY_H 1
| #define HAVE_STRINGS_H 1
| #define HAVE_INTTYPES_H 1
| #define HAVE_STDINT_H 1
| #define HAVE_UNISTD_H 1
| #define HAVE_DLFCN_H 1
| #define LT_OBJDIR ".libs/"
| /* end confdefs.h.  */
| #ifndef __APPLE_CC__
| 	       not a universal capable compiler
| 	     #endif
| 	     typedef int dummy;
| 
configure:14536: gcc -c -g -O2  conftest.c >&5
configure:14536: $? = 0
configure:14554: gcc -c -g -O2  conftest.c >&5
conftest.c: In function 'main':
conftest.c:30:4: error: 'not' undeclared (first use in this function)
conftest.c:30:4: note: each undeclared identifier is reported only once for each function it appears in
conftest.c:30:8: error: expected ';' before 'big'
configure:14554: $? = 1
configure: failed program was:
| /* confdefs.h */
| #define PACKAGE_NAME "DSSI"
| #define PACKAGE_TARNAME "dssi"
| #define PACKAGE_VERSION "1.1.1"
| #define PACKAGE_STRING "DSSI 1.1.1"
| #define PACKAGE_BUGREPORT "dssi-devel@lists.sourceforge.net"
| #define PACKAGE_URL ""
| #define PACKAGE "dssi"
| #define VERSION "1.1.1"
| #define STDC_HEADERS 1
| #define HAVE_SYS_TYPES_H 1
| #define HAVE_SYS_STAT_H 1
| #define HAVE_STDLIB_H 1
| #define HAVE_STRING_H 1
| #define HAVE_MEMORY_H 1
| #define HAVE_STRINGS_H 1
| #define HAVE_INTTYPES_H 1
| #define HAVE_STDINT_H 1
| #define HAVE_UNISTD_H 1
| #define HAVE_DLFCN_H 1
| #define LT_OBJDIR ".libs/"
| /* end confdefs.h.  */
| #include <sys/types.h>
| 		#include <sys/param.h>
| 
| int
| main ()
| {
| #if BYTE_ORDER != BIG_ENDIAN
| 		 not big endian
| 		#endif
| 
|   ;
|   return 0;
| }
configure:14682: result: no
configure:14703: checking ladspa.h usability
configure:14703: gcc -c -g -O2  conftest.c >&5
configure:14703: $? = 0
configure:14703: result: yes
configure:14703: checking ladspa.h presence
configure:14703: gcc -E  conftest.c
configure:14703: $? = 0
configure:14703: result: yes
configure:14703: checking for ladspa.h
configure:14703: result: yes
configure:14767: checking for pkg-config
configure:14785: found /usr/bin/pkg-config
configure:14797: result: /usr/bin/pkg-config
configure:14822: checking pkg-config is at least version 0.9.0
configure:14825: result: yes
configure:14835: checking for ALSA
configure:14842: $PKG_CONFIG --exists --print-errors "alsa >= 0.9"
configure:14845: $? = 0
configure:14858: $PKG_CONFIG --exists --print-errors "alsa >= 0.9"
configure:14861: $? = 0
configure:14898: result: yes
configure:14978: checking for LIBLO
configure:14985: $PKG_CONFIG --exists --print-errors "liblo >= 0.12"
configure:14988: $? = 0
configure:15001: $PKG_CONFIG --exists --print-errors "liblo >= 0.12"
configure:15004: $? = 0
configure:15041: result: yes
configure:15058: checking for JACK
configure:15065: $PKG_CONFIG --exists --print-errors "jack >= 0.99.14"
configure:15068: $? = 0
configure:15081: $PKG_CONFIG --exists --print-errors "jack >= 0.99.14"
configure:15084: $? = 0
configure:15121: result: yes
configure:15138: checking for SNDFILE
configure:15145: $PKG_CONFIG --exists --print-errors "sndfile"
configure:15148: $? = 0
configure:15161: $PKG_CONFIG --exists --print-errors "sndfile"
configure:15164: $? = 0
configure:15201: result: yes
configure:15207: checking for SRC
configure:15214: $PKG_CONFIG --exists --print-errors "samplerate"
configure:15217: $? = 0
configure:15230: $PKG_CONFIG --exists --print-errors "samplerate"
configure:15233: $? = 0
configure:15270: result: yes
configure:15282: checking for QT
configure:15289: $PKG_CONFIG --exists --print-errors "QtCore >= 4.0.1 QtGui >= 4.0.1"
configure:15292: $? = 0
configure:15305: $PKG_CONFIG --exists --print-errors "QtCore >= 4.0.1 QtGui >= 4.0.1"
configure:15308: $? = 0
configure:15347: result: yes
configure:15441: checking whether Qt is X11-based
configure:15466: g++ -c -g -O2 -DQT_SHARED -I/usr/include/qt4 -I/usr/include/qt4/QtCore -I/usr/include/qt4/QtGui    conftest.cpp >&5
configure:15466: $? = 0
configure:15468: result: yes
configure:15711: creating ./config.status

## ---------------------- ##
## Running config.status. ##
## ---------------------- ##

This file was extended by DSSI config.status 1.1.1, which was
generated by GNU Autoconf 2.67.  Invocation command line was

  CONFIG_FILES    = 
  CONFIG_HEADERS  = 
  CONFIG_LINKS    = 
  CONFIG_COMMANDS = 
  $ ./config.status 

on vmuser-GA-990XA-UD3

config.status:1162: creating Makefile
config.status:1162: creating dssi.pc
config.status:1162: creating jack-dssi-host/Makefile
config.status:1162: creating examples/Makefile
config.status:1162: creating tests/Makefile
config.status:1162: creating config.h
config.status:1390: executing depfiles commands
config.status:1390: executing libtool commands

## ---------------- ##
## Cache variables. ##
## ---------------- ##

ac_cv_build=x86_64-unknown-linux-gnu
ac_cv_c_bigendian=no
ac_cv_c_compiler_gnu=yes
ac_cv_cxx_compiler_gnu=yes
ac_cv_env_ALSA_CFLAGS_set=
ac_cv_env_ALSA_CFLAGS_value=
ac_cv_env_ALSA_LIBS_set=
ac_cv_env_ALSA_LIBS_value=
ac_cv_env_CCC_set=
ac_cv_env_CCC_value=
ac_cv_env_CC_set=
ac_cv_env_CC_value=
ac_cv_env_CFLAGS_set=
ac_cv_env_CFLAGS_value=
ac_cv_env_CPPFLAGS_set=
ac_cv_env_CPPFLAGS_value=
ac_cv_env_CPP_set=
ac_cv_env_CPP_value=
ac_cv_env_CXXCPP_set=
ac_cv_env_CXXCPP_value=
ac_cv_env_CXXFLAGS_set=
ac_cv_env_CXXFLAGS_value=
ac_cv_env_CXX_set=
ac_cv_env_CXX_value=
ac_cv_env_JACK_CFLAGS_set=
ac_cv_env_JACK_CFLAGS_value=
ac_cv_env_JACK_LIBS_set=
ac_cv_env_JACK_LIBS_value=
ac_cv_env_LDFLAGS_set=
ac_cv_env_LDFLAGS_value=
ac_cv_env_LIBLO_CFLAGS_set=
ac_cv_env_LIBLO_CFLAGS_value=
ac_cv_env_LIBLO_LIBS_set=
ac_cv_env_LIBLO_LIBS_value=
ac_cv_env_LIBS_set=
ac_cv_env_LIBS_value=
ac_cv_env_PKG_CONFIG_LIBDIR_set=
ac_cv_env_PKG_CONFIG_LIBDIR_value=
ac_cv_env_PKG_CONFIG_PATH_set=
ac_cv_env_PKG_CONFIG_PATH_value=
ac_cv_env_PKG_CONFIG_set=
ac_cv_env_PKG_CONFIG_value=
ac_cv_env_QT_CFLAGS_set=
ac_cv_env_QT_CFLAGS_value=
ac_cv_env_QT_LIBS_set=
ac_cv_env_QT_LIBS_value=
ac_cv_env_SNDFILE_CFLAGS_set=
ac_cv_env_SNDFILE_CFLAGS_value=
ac_cv_env_SNDFILE_LIBS_set=
ac_cv_env_SNDFILE_LIBS_value=
ac_cv_env_SRC_CFLAGS_set=
ac_cv_env_SRC_CFLAGS_value=
ac_cv_env_SRC_LIBS_set=
ac_cv_env_SRC_LIBS_value=
ac_cv_env_build_alias_set=
ac_cv_env_build_alias_value=
ac_cv_env_host_alias_set=
ac_cv_env_host_alias_value=
ac_cv_env_target_alias_set=
ac_cv_env_target_alias_value=
ac_cv_header_dlfcn_h=yes
ac_cv_header_inttypes_h=yes
ac_cv_header_ladspa_h=yes
ac_cv_header_memory_h=yes
ac_cv_header_stdc=yes
ac_cv_header_stdint_h=yes
ac_cv_header_stdlib_h=yes
ac_cv_header_string_h=yes
ac_cv_header_strings_h=yes
ac_cv_header_sys_stat_h=yes
ac_cv_header_sys_types_h=yes
ac_cv_header_unistd_h=yes
ac_cv_host=x86_64-unknown-linux-gnu
ac_cv_objext=o
ac_cv_path_EGREP='/bin/grep -E'
ac_cv_path_FGREP='/bin/grep -F'
ac_cv_path_GREP=/bin/grep
ac_cv_path_SED=/bin/sed
ac_cv_path_ac_pt_PKG_CONFIG=/usr/bin/pkg-config
ac_cv_path_install='/usr/bin/install -c'
ac_cv_path_mkdir=/bin/mkdir
ac_cv_prog_AWK=mawk
ac_cv_prog_CPP='gcc -E'
ac_cv_prog_CXXCPP='g++ -E'
ac_cv_prog_ac_ct_AR=ar
ac_cv_prog_ac_ct_CC=gcc
ac_cv_prog_ac_ct_CXX=g++
ac_cv_prog_ac_ct_OBJDUMP=objdump
ac_cv_prog_ac_ct_RANLIB=ranlib
ac_cv_prog_ac_ct_STRIP=strip
ac_cv_prog_cc_c89=
ac_cv_prog_cc_g=yes
ac_cv_prog_cxx_g=yes
ac_cv_prog_make_make_set=yes
am_cv_CC_dependencies_compiler_type=gcc3
am_cv_CXX_dependencies_compiler_type=gcc3
lt_cv_deplibs_check_method=pass_all
lt_cv_file_magic_cmd='$MAGIC_CMD'
lt_cv_file_magic_test_file=
lt_cv_ld_reload_flag=-r
lt_cv_nm_interface='BSD nm'
lt_cv_objdir=.libs
lt_cv_path_LD=/usr/bin/ld
lt_cv_path_LDCXX='/usr/bin/ld -m elf_x86_64'
lt_cv_path_NM='/usr/bin/nm -B'
lt_cv_prog_compiler_c_o=yes
lt_cv_prog_compiler_c_o_CXX=yes
lt_cv_prog_compiler_pic_works=yes
lt_cv_prog_compiler_pic_works_CXX=yes
lt_cv_prog_compiler_rtti_exceptions=no
lt_cv_prog_compiler_static_works=yes
lt_cv_prog_compiler_static_works_CXX=yes
lt_cv_prog_gnu_ld=yes
lt_cv_prog_gnu_ldcxx=yes
lt_cv_sys_global_symbol_pipe='sed -n -e '\''s/^.*[	 ]\([ABCDGIRSTW][ABCDGIRSTW]*\)[	 ][	 ]*\([_A-Za-z][_A-Za-z0-9]*\)$/\1 \2 \2/p'\'''
lt_cv_sys_global_symbol_to_c_name_address='sed -n -e '\''s/^: \([^ ]*\) $/  {\"\1\", (void *) 0},/p'\'' -e '\''s/^[ABCDGIRSTW]* \([^ ]*\) \([^ ]*\)$/  {"\2", (void *) \&\2},/p'\'''
lt_cv_sys_global_symbol_to_c_name_address_lib_prefix='sed -n -e '\''s/^: \([^ ]*\) $/  {\"\1\", (void *) 0},/p'\'' -e '\''s/^[ABCDGIRSTW]* \([^ ]*\) \(lib[^ ]*\)$/  {"\2", (void *) \&\2},/p'\'' -e '\''s/^[ABCDGIRSTW]* \([^ ]*\) \([^ ]*\)$/  {"lib\2", (void *) \&\2},/p'\'''
lt_cv_sys_global_symbol_to_cdecl='sed -n -e '\''s/^T .* \(.*\)$/extern int \1();/p'\'' -e '\''s/^[ABCDGIRSTW]* .* \(.*\)$/extern char \1;/p'\'''
lt_cv_sys_max_cmd_len=1572864
pkg_cv_ALSA_CFLAGS='-I/usr/include/alsa  '
pkg_cv_ALSA_LIBS='-lasound  '
pkg_cv_JACK_CFLAGS=' '
pkg_cv_JACK_LIBS='-ljack -lpthread -lrt  '
pkg_cv_LIBLO_CFLAGS=' '
pkg_cv_LIBLO_LIBS='-llo -lpthread  '
pkg_cv_QT_CFLAGS='-DQT_SHARED -I/usr/include/qt4 -I/usr/include/qt4/QtCore -I/usr/include/qt4/QtGui  '
pkg_cv_QT_LIBS='-lQtGui -lQtCore  '
pkg_cv_SNDFILE_CFLAGS=' '
pkg_cv_SNDFILE_LIBS='-lsndfile  '
pkg_cv_SRC_CFLAGS=' '
pkg_cv_SRC_LIBS='-lsamplerate  '

## ----------------- ##
## Output variables. ##
## ----------------- ##

ACLOCAL='${SHELL} /home/vm-user/Desktop/test/libmodsynth-code/libmodsynth/missing --run aclocal-1.11'
ALSA_CFLAGS='-I/usr/include/alsa  '
ALSA_LIBS='-lasound  '
AMDEPBACKSLASH='\'
AMDEP_FALSE='#'
AMDEP_TRUE=''
AMTAR='${SHELL} /home/vm-user/Desktop/test/libmodsynth-code/libmodsynth/missing --run tar'
AR='ar'
AUTOCONF='${SHELL} /home/vm-user/Desktop/test/libmodsynth-code/libmodsynth/missing --run autoconf'
AUTOHEADER='${SHELL} /home/vm-user/Desktop/test/libmodsynth-code/libmodsynth/missing --run autoheader'
AUTOMAKE='${SHELL} /home/vm-user/Desktop/test/libmodsynth-code/libmodsynth/missing --run automake-1.11'
AWK='mawk'
BUILD_SAMPLER_FALSE='#'
BUILD_SAMPLER_TRUE=''
CC='gcc'
CCDEPMODE='depmode=gcc3'
CFLAGS='-g -O2 -Wall'
CPP='gcc -E'
CPPFLAGS=''
CXX='g++'
CXXCPP='g++ -E'
CXXDEPMODE='depmode=gcc3'
CXXFLAGS='-g -O2'
CYGPATH_W='echo'
DARWIN_FALSE=''
DARWIN_TRUE='#'
DEFS='-DHAVE_CONFIG_H'
DEPDIR='.deps'
DSYMUTIL=''
DUMPBIN=''
ECHO_C=''
ECHO_N='-n'
ECHO_T=''
EGREP='/bin/grep -E'
EXEEXT=''
FGREP='/bin/grep -F'
GREP='/bin/grep'
HAVE_JACK_FALSE='#'
HAVE_JACK_TRUE=''
HAVE_LIBLO_FALSE='#'
HAVE_LIBLO_TRUE=''
HAVE_QT_FALSE='#'
HAVE_QT_TRUE=''
INSTALL_DATA='${INSTALL} -m 644'
INSTALL_PROGRAM='${INSTALL}'
INSTALL_SCRIPT='${INSTALL}'
INSTALL_STRIP_PROGRAM='$(install_sh) -c -s'
JACK_CFLAGS=' '
JACK_LIBS='-ljack -lpthread -lrt  '
LD='/usr/bin/ld -m elf_x86_64'
LDFLAGS=''
LIBLO_CFLAGS=' '
LIBLO_LIBS='-llo -lpthread  '
LIBOBJS=''
LIBS=''
LIBTOOL='$(SHELL) $(top_builddir)/libtool'
LIPO=''
LN_S='ln -s'
LTLIBOBJS=''
MAKEINFO='${SHELL} /home/vm-user/Desktop/test/libmodsynth-code/libmodsynth/missing --run makeinfo'
MKDIR_P='/bin/mkdir -p'
NM='/usr/bin/nm -B'
NMEDIT=''
OBJDUMP='objdump'
OBJEXT='o'
OTOOL64=''
OTOOL=''
PACKAGE='dssi'
PACKAGE_BUGREPORT='dssi-devel@lists.sourceforge.net'
PACKAGE_NAME='DSSI'
PACKAGE_STRING='DSSI 1.1.1'
PACKAGE_TARNAME='dssi'
PACKAGE_URL=''
PACKAGE_VERSION='1.1.1'
PATH_SEPARATOR=':'
PKG_CONFIG='/usr/bin/pkg-config'
PKG_CONFIG_LIBDIR=''
PKG_CONFIG_PATH=''
QT_CFLAGS='-DQT_SHARED -I/usr/include/qt4 -I/usr/include/qt4/QtCore -I/usr/include/qt4/QtGui  '
QT_LIBS='-lQtGui -lQtCore   -lX11'
QT_MOC='/usr/bin/moc-qt4'
RANLIB='ranlib'
SED='/bin/sed'
SET_MAKE=''
SHELL='/bin/bash'
SNDFILE_CFLAGS=' '
SNDFILE_LIBS='-lsndfile  '
SRC_CFLAGS=' '
SRC_LIBS='-lsamplerate  '
STRIP='strip'
VERSION='1.1.1'
ac_ct_CC='gcc'
ac_ct_CXX='g++'
ac_ct_DUMPBIN=''
am__EXEEXT_FALSE=''
am__EXEEXT_TRUE='#'
am__fastdepCC_FALSE='#'
am__fastdepCC_TRUE=''
am__fastdepCXX_FALSE='#'
am__fastdepCXX_TRUE=''
am__include='include'
am__isrc=''
am__leading_dot='.'
am__quote=''
am__tar='${AMTAR} chof - "$$tardir"'
am__untar='${AMTAR} xf -'
bindir='${exec_prefix}/bin'
build='x86_64-unknown-linux-gnu'
build_alias=''
build_cpu='x86_64'
build_os='linux-gnu'
build_vendor='unknown'
datadir='${datarootdir}'
datarootdir='${prefix}/share'
docdir='${datarootdir}/doc/${PACKAGE_TARNAME}'
dvidir='${docdir}'
exec_prefix='${prefix}'
host='x86_64-unknown-linux-gnu'
host_alias=''
host_cpu='x86_64'
host_os='linux-gnu'
host_vendor='unknown'
htmldir='${docdir}'
includedir='${prefix}/include'
infodir='${datarootdir}/info'
install_sh='${SHELL} /home/vm-user/Desktop/test/libmodsynth-code/libmodsynth/install-sh'
libdir='${exec_prefix}/lib'
libexecdir='${exec_prefix}/libexec'
localedir='${datarootdir}/locale'
localstatedir='${prefix}/var'
lt_ECHO='echo'
mandir='${datarootdir}/man'
mkdir_p='/bin/mkdir -p'
oldincludedir='/usr/include'
pdfdir='${docdir}'
prefix='/usr/local'
program_transform_name='s,x,x,'
psdir='${docdir}'
sbindir='${exec_prefix}/sbin'
sharedstatedir='${prefix}/com'
sysconfdir='${prefix}/etc'
target_alias=''

## ----------- ##
## confdefs.h. ##
## ----------- ##

/* confdefs.h */
#define PACKAGE_NAME "DSSI"
#define PACKAGE_TARNAME "dssi"
#define PACKAGE_VERSION "1.1.1"
#define PACKAGE_STRING "DSSI 1.1.1"
#define PACKAGE_BUGREPORT "dssi-devel@lists.sourceforge.net"
#define PACKAGE_URL ""
#define PACKAGE "dssi"
#define VERSION "1.1.1"
#define STDC_HEADERS 1
#define HAVE_SYS_TYPES_H 1
#define HAVE_SYS_STAT_H 1
#define HAVE_STDLIB_H 1
#define HAVE_STRING_H 1
#define HAVE_MEMORY_H 1
#define HAVE_STRINGS_H 1
#define HAVE_INTTYPES_H 1
#define HAVE_STDINT_H 1
#define HAVE_UNISTD_H 1
#define HAVE_DLFCN_H 1
#define LT_OBJDIR ".libs/"
#define HAVE_LADSPA_H 1
#define MIDI_ALSA 1

configure: exit 0
