This file contains any messages produced by compilers while
running configure, to aid debugging if configure makes a mistake.

It was created by sbsms configure 2.0.1, which was
generated by GNU Autoconf 2.68.  Invocation command line was

  $ ./configure --prefix=/usr/lib/pydaw3/sbsms

## --------- ##
## Platform. ##
## --------- ##

hostname = wtf
uname -m = x86_64
uname -r = 3.5.0-34-generic
uname -s = Linux
uname -v = #55~precise1-Ubuntu SMP Fri Jun 7 16:25:50 UTC 2013

/usr/bin/uname -p = unknown
/bin/uname -X     = unknown

/bin/arch              = unknown
/usr/bin/arch -k       = unknown
/usr/convex/getsysinfo = unknown
/usr/bin/hostinfo      = unknown
/bin/machine           = unknown
/usr/bin/oslevel       = unknown
/bin/universe          = unknown

PATH: /usr/lib/lightdm/lightdm
PATH: /usr/local/sbin
PATH: /usr/local/bin
PATH: /usr/sbin
PATH: /usr/bin
PATH: /sbin
PATH: /bin
PATH: /usr/games


## ----------- ##
## Core tests. ##
## ----------- ##

configure:2285: checking build system type
configure:2299: result: x86_64-unknown-linux-gnu
configure:2319: checking host system type
configure:2332: result: x86_64-unknown-linux-gnu
configure:2352: checking target system type
configure:2365: result: x86_64-unknown-linux-gnu
configure:2490: checking how to print strings
configure:2517: result: printf
configure:2586: checking for gcc
configure:2602: found /usr/bin/gcc
configure:2613: result: gcc
configure:2842: checking for C compiler version
configure:2851: gcc --version >&5
gcc (Ubuntu/Linaro 4.6.3-1ubuntu5) 4.6.3
Copyright (C) 2011 Free Software Foundation, Inc.
This is free software; see the source for copying conditions.  There is NO
warranty; not even for MERCHANTABILITY or FITNESS FOR A PARTICULAR PURPOSE.

configure:2862: $? = 0
configure:2851: gcc -v >&5
Using built-in specs.
COLLECT_GCC=gcc
COLLECT_LTO_WRAPPER=/usr/lib/gcc/x86_64-linux-gnu/4.6/lto-wrapper
Target: x86_64-linux-gnu
Configured with: ../src/configure -v --with-pkgversion='Ubuntu/Linaro 4.6.3-1ubuntu5' --with-bugurl=file:///usr/share/doc/gcc-4.6/README.Bugs --enable-languages=c,c++,fortran,objc,obj-c++ --prefix=/usr --program-suffix=-4.6 --enable-shared --enable-linker-build-id --with-system-zlib --libexecdir=/usr/lib --without-included-gettext --enable-threads=posix --with-gxx-include-dir=/usr/include/c++/4.6 --libdir=/usr/lib --enable-nls --with-sysroot=/ --enable-clocale=gnu --enable-libstdcxx-debug --enable-libstdcxx-time=yes --enable-gnu-unique-object --enable-plugin --enable-objc-gc --disable-werror --with-arch-32=i686 --with-tune=generic --enable-checking=release --build=x86_64-linux-gnu --host=x86_64-linux-gnu --target=x86_64-linux-gnu
Thread model: posix
gcc version 4.6.3 (Ubuntu/Linaro 4.6.3-1ubuntu5) 
configure:2862: $? = 0
configure:2851: gcc -V >&5
gcc: error: unrecognized option '-V'
gcc: fatal error: no input files
compilation terminated.
configure:2862: $? = 4
configure:2851: gcc -qversion >&5
gcc: error: unrecognized option '-qversion'
gcc: fatal error: no input files
compilation terminated.
configure:2862: $? = 4
configure:2882: checking whether the C compiler works
configure:2904: gcc    conftest.c  >&5
configure:2908: $? = 0
configure:2956: result: yes
configure:2959: checking for C compiler default output file name
configure:2961: result: a.out
configure:2967: checking for suffix of executables
configure:2974: gcc -o conftest    conftest.c  >&5
configure:2978: $? = 0
configure:3000: result: 
configure:3022: checking whether we are cross compiling
configure:3030: gcc -o conftest    conftest.c  >&5
configure:3034: $? = 0
configure:3041: ./conftest
configure:3045: $? = 0
configure:3060: result: no
configure:3065: checking for suffix of object files
configure:3087: gcc -c   conftest.c >&5
configure:3091: $? = 0
configure:3112: result: o
configure:3116: checking whether we are using the GNU C compiler
configure:3135: gcc -c   conftest.c >&5
configure:3135: $? = 0
configure:3144: result: yes
configure:3153: checking whether gcc accepts -g
configure:3173: gcc -c -g  conftest.c >&5
configure:3173: $? = 0
configure:3214: result: yes
configure:3231: checking for gcc option to accept ISO C89
configure:3295: gcc  -c -g -O2  conftest.c >&5
configure:3295: $? = 0
configure:3308: result: none needed
configure:3328: checking for a sed that does not truncate output
configure:3392: result: /bin/sed
configure:3410: checking for grep that handles long lines and -e
configure:3468: result: /bin/grep
configure:3473: checking for egrep
configure:3535: result: /bin/grep -E
configure:3540: checking for fgrep
configure:3602: result: /bin/grep -F
configure:3637: checking for ld used by gcc
configure:3704: result: /usr/bin/ld
configure:3711: checking if the linker (/usr/bin/ld) is GNU ld
configure:3726: result: yes
configure:3738: checking for BSD- or MS-compatible name lister (nm)
configure:3787: result: /usr/bin/nm -B
configure:3917: checking the name lister (/usr/bin/nm -B) interface
configure:3924: gcc -c -g -O2  conftest.c >&5
configure:3927: /usr/bin/nm -B "conftest.o"
configure:3930: output
0000000000000000 B some_variable
configure:3937: result: BSD nm
configure:3940: checking whether ln -s works
configure:3944: result: yes
configure:3952: checking the maximum length of command line arguments
configure:4082: result: 3458764513820540925
configure:4099: checking whether the shell understands some XSI constructs
configure:4109: result: yes
configure:4113: checking whether the shell understands "+="
configure:4119: result: yes
configure:4154: checking how to convert x86_64-unknown-linux-gnu file names to x86_64-unknown-linux-gnu format
configure:4194: result: func_convert_file_noop
configure:4201: checking how to convert x86_64-unknown-linux-gnu file names to toolchain format
configure:4221: result: func_convert_file_noop
configure:4228: checking for /usr/bin/ld option to reload object files
configure:4235: result: -r
configure:4309: checking for objdump
configure:4325: found /usr/bin/objdump
configure:4336: result: objdump
configure:4368: checking how to recognize dependent libraries
configure:4570: result: pass_all
configure:4655: checking for dlltool
configure:4685: result: no
configure:4715: checking how to associate runtime and link libraries
configure:4742: result: printf %s\n
configure:4803: checking for ar
configure:4819: found /usr/bin/ar
configure:4830: result: ar
configure:4867: checking for archiver @FILE support
configure:4884: gcc -c -g -O2  conftest.c >&5
configure:4884: $? = 0
configure:4887: ar cru libconftest.a @conftest.lst >&5
configure:4890: $? = 0
configure:4895: ar cru libconftest.a @conftest.lst >&5
ar: conftest.o: No such file or directory
configure:4898: $? = 1
configure:4910: result: @
configure:4968: checking for strip
configure:4984: found /usr/bin/strip
configure:4995: result: strip
configure:5067: checking for ranlib
configure:5083: found /usr/bin/ranlib
configure:5094: result: ranlib
configure:5171: checking for gawk
configure:5201: result: no
configure:5171: checking for mawk
configure:5187: found /usr/bin/mawk
configure:5198: result: mawk
configure:5238: checking command to parse /usr/bin/nm -B output from gcc object
configure:5358: gcc -c -g -O2  conftest.c >&5
configure:5361: $? = 0
configure:5365: /usr/bin/nm -B conftest.o \| sed -n -e 's/^.*[ ]\([ABCDGIRSTW][ABCDGIRSTW]*\)[ ][ ]*\([_A-Za-z][_A-Za-z0-9]*\)$/\1 \2 \2/p' | sed '/ __gnu_lto/d' \> conftest.nm
configure:5368: $? = 0
configure:5434: gcc -o conftest -g -O2   conftest.c conftstm.o >&5
configure:5437: $? = 0
configure:5475: result: ok
configure:5512: checking for sysroot
configure:5542: result: no
configure:5619: gcc -c -g -O2  conftest.c >&5
configure:5622: $? = 0
configure:5798: checking for mt
configure:5814: found /bin/mt
configure:5825: result: mt
configure:5848: checking if mt is a manifest tool
configure:5854: mt '-?'
configure:5862: result: no
configure:6504: checking how to run the C preprocessor
configure:6535: gcc -E  conftest.c
configure:6535: $? = 0
configure:6549: gcc -E  conftest.c
conftest.c:9:28: fatal error: ac_nonexistent.h: No such file or directory
compilation terminated.
configure:6549: $? = 1
configure: failed program was:
| /* confdefs.h */
| #define PACKAGE_NAME "sbsms"
| #define PACKAGE_TARNAME "sbsms"
| #define PACKAGE_VERSION "2.0.1"
| #define PACKAGE_STRING "sbsms 2.0.1"
| #define PACKAGE_BUGREPORT ""
| #define PACKAGE_URL ""
| /* end confdefs.h.  */
| #include <ac_nonexistent.h>
configure:6574: result: gcc -E
configure:6594: gcc -E  conftest.c
configure:6594: $? = 0
configure:6608: gcc -E  conftest.c
conftest.c:9:28: fatal error: ac_nonexistent.h: No such file or directory
compilation terminated.
configure:6608: $? = 1
configure: failed program was:
| /* confdefs.h */
| #define PACKAGE_NAME "sbsms"
| #define PACKAGE_TARNAME "sbsms"
| #define PACKAGE_VERSION "2.0.1"
| #define PACKAGE_STRING "sbsms 2.0.1"
| #define PACKAGE_BUGREPORT ""
| #define PACKAGE_URL ""
| /* end confdefs.h.  */
| #include <ac_nonexistent.h>
configure:6637: checking for ANSI C header files
configure:6657: gcc -c -g -O2  conftest.c >&5
configure:6657: $? = 0
configure:6730: gcc -o conftest -g -O2   conftest.c  >&5
configure:6730: $? = 0
configure:6730: ./conftest
configure:6730: $? = 0
configure:6741: result: yes
configure:6754: checking for sys/types.h
configure:6754: gcc -c -g -O2  conftest.c >&5
configure:6754: $? = 0
configure:6754: result: yes
configure:6754: checking for sys/stat.h
configure:6754: gcc -c -g -O2  conftest.c >&5
configure:6754: $? = 0
configure:6754: result: yes
configure:6754: checking for stdlib.h
configure:6754: gcc -c -g -O2  conftest.c >&5
configure:6754: $? = 0
configure:6754: result: yes
configure:6754: checking for string.h
configure:6754: gcc -c -g -O2  conftest.c >&5
configure:6754: $? = 0
configure:6754: result: yes
configure:6754: checking for memory.h
configure:6754: gcc -c -g -O2  conftest.c >&5
configure:6754: $? = 0
configure:6754: result: yes
configure:6754: checking for strings.h
configure:6754: gcc -c -g -O2  conftest.c >&5
configure:6754: $? = 0
configure:6754: result: yes
configure:6754: checking for inttypes.h
configure:6754: gcc -c -g -O2  conftest.c >&5
configure:6754: $? = 0
configure:6754: result: yes
configure:6754: checking for stdint.h
configure:6754: gcc -c -g -O2  conftest.c >&5
configure:6754: $? = 0
configure:6754: result: yes
configure:6754: checking for unistd.h
configure:6754: gcc -c -g -O2  conftest.c >&5
configure:6754: $? = 0
configure:6754: result: yes
configure:6768: checking for dlfcn.h
configure:6768: gcc -c -g -O2  conftest.c >&5
configure:6768: $? = 0
configure:6768: result: yes
configure:6944: checking for objdir
configure:6959: result: .libs
configure:7230: checking if gcc supports -fno-rtti -fno-exceptions
configure:7248: gcc -c -g -O2  -fno-rtti -fno-exceptions conftest.c >&5
cc1: warning: command line option '-fno-rtti' is valid for C++/ObjC++ but not for C [enabled by default]
configure:7252: $? = 0
configure:7265: result: no
configure:7592: checking for gcc option to produce PIC
configure:7599: result: -fPIC -DPIC
configure:7607: checking if gcc PIC flag -fPIC -DPIC works
configure:7625: gcc -c -g -O2  -fPIC -DPIC -DPIC conftest.c >&5
configure:7629: $? = 0
configure:7642: result: yes
configure:7671: checking if gcc static flag -static works
configure:7699: result: yes
configure:7714: checking if gcc supports -c -o file.o
configure:7735: gcc -c -g -O2  -o out/conftest2.o conftest.c >&5
configure:7739: $? = 0
configure:7761: result: yes
configure:7769: checking if gcc supports -c -o file.o
configure:7816: result: yes
configure:7849: checking whether the gcc linker (/usr/bin/ld -m elf_x86_64) supports shared libraries
configure:9006: result: yes
configure:9246: checking dynamic linker characteristics
configure:9757: gcc -o conftest -g -O2   -Wl,-rpath -Wl,/foo conftest.c  >&5
configure:9757: $? = 0
configure:9991: result: GNU/Linux ld.so
configure:10098: checking how to hardcode library paths into programs
configure:10123: result: immediate
configure:10663: checking whether stripping libraries is possible
configure:10668: result: yes
configure:10703: checking if libtool supports shared libraries
configure:10705: result: yes
configure:10708: checking whether to build shared libraries
configure:10729: result: no
configure:10732: checking whether to build static libraries
configure:10736: result: yes
configure:10844: checking for g++
configure:10860: found /usr/bin/g++
configure:10871: result: g++
configure:10898: checking for C++ compiler version
configure:10907: g++ --version >&5
g++ (Ubuntu/Linaro 4.6.3-1ubuntu5) 4.6.3
Copyright (C) 2011 Free Software Foundation, Inc.
This is free software; see the source for copying conditions.  There is NO
warranty; not even for MERCHANTABILITY or FITNESS FOR A PARTICULAR PURPOSE.

configure:10918: $? = 0
configure:10907: g++ -v >&5
Using built-in specs.
COLLECT_GCC=g++
COLLECT_LTO_WRAPPER=/usr/lib/gcc/x86_64-linux-gnu/4.6/lto-wrapper
Target: x86_64-linux-gnu
Configured with: ../src/configure -v --with-pkgversion='Ubuntu/Linaro 4.6.3-1ubuntu5' --with-bugurl=file:///usr/share/doc/gcc-4.6/README.Bugs --enable-languages=c,c++,fortran,objc,obj-c++ --prefix=/usr --program-suffix=-4.6 --enable-shared --enable-linker-build-id --with-system-zlib --libexecdir=/usr/lib --without-included-gettext --enable-threads=posix --with-gxx-include-dir=/usr/include/c++/4.6 --libdir=/usr/lib --enable-nls --with-sysroot=/ --enable-clocale=gnu --enable-libstdcxx-debug --enable-libstdcxx-time=yes --enable-gnu-unique-object --enable-plugin --enable-objc-gc --disable-werror --with-arch-32=i686 --with-tune=generic --enable-checking=release --build=x86_64-linux-gnu --host=x86_64-linux-gnu --target=x86_64-linux-gnu
Thread model: posix
gcc version 4.6.3 (Ubuntu/Linaro 4.6.3-1ubuntu5) 
configure:10918: $? = 0
configure:10907: g++ -V >&5
g++: error: unrecognized option '-V'
g++: fatal error: no input files
compilation terminated.
configure:10918: $? = 4
configure:10907: g++ -qversion >&5
g++: error: unrecognized option '-qversion'
g++: fatal error: no input files
compilation terminated.
configure:10918: $? = 4
configure:10922: checking whether we are using the GNU C++ compiler
configure:10941: g++ -c   conftest.cpp >&5
configure:10941: $? = 0
configure:10950: result: yes
configure:10959: checking whether g++ accepts -g
configure:10979: g++ -c -g  conftest.cpp >&5
configure:10979: $? = 0
configure:11020: result: yes
configure:11061: checking how to run the C++ preprocessor
configure:11088: g++ -E  conftest.cpp
configure:11088: $? = 0
configure:11102: g++ -E  conftest.cpp
conftest.cpp:21:28: fatal error: ac_nonexistent.h: No such file or directory
compilation terminated.
configure:11102: $? = 1
configure: failed program was:
| /* confdefs.h */
| #define PACKAGE_NAME "sbsms"
| #define PACKAGE_TARNAME "sbsms"
| #define PACKAGE_VERSION "2.0.1"
| #define PACKAGE_STRING "sbsms 2.0.1"
| #define PACKAGE_BUGREPORT ""
| #define PACKAGE_URL ""
| #define STDC_HEADERS 1
| #define HAVE_SYS_TYPES_H 1
| #define HAVE_SYS_STAT_H 1
| #define HAVE_STDLIB_H 1
| #define HAVE_STRING_H 1
| #define HAVE_MEMORY_H 1
| #define HAVE_STRINGS_H 1
| #define HAVE_INTTYPES_H 1
| #define HAVE_STDINT_H 1
| #define HAVE_UNISTD_H 1
| #define HAVE_DLFCN_H 1
| #define LT_OBJDIR ".libs/"
| /* end confdefs.h.  */
| #include <ac_nonexistent.h>
configure:11127: result: g++ -E
configure:11147: g++ -E  conftest.cpp
configure:11147: $? = 0
configure:11161: g++ -E  conftest.cpp
conftest.cpp:21:28: fatal error: ac_nonexistent.h: No such file or directory
compilation terminated.
configure:11161: $? = 1
configure: failed program was:
| /* confdefs.h */
| #define PACKAGE_NAME "sbsms"
| #define PACKAGE_TARNAME "sbsms"
| #define PACKAGE_VERSION "2.0.1"
| #define PACKAGE_STRING "sbsms 2.0.1"
| #define PACKAGE_BUGREPORT ""
| #define PACKAGE_URL ""
| #define STDC_HEADERS 1
| #define HAVE_SYS_TYPES_H 1
| #define HAVE_SYS_STAT_H 1
| #define HAVE_STDLIB_H 1
| #define HAVE_STRING_H 1
| #define HAVE_MEMORY_H 1
| #define HAVE_STRINGS_H 1
| #define HAVE_INTTYPES_H 1
| #define HAVE_STDINT_H 1
| #define HAVE_UNISTD_H 1
| #define HAVE_DLFCN_H 1
| #define LT_OBJDIR ".libs/"
| /* end confdefs.h.  */
| #include <ac_nonexistent.h>
configure:11330: checking for ld used by g++
configure:11397: result: /usr/bin/ld -m elf_x86_64
configure:11404: checking if the linker (/usr/bin/ld -m elf_x86_64) is GNU ld
configure:11419: result: yes
configure:11474: checking whether the g++ linker (/usr/bin/ld -m elf_x86_64) supports shared libraries
configure:12479: result: yes
configure:12515: g++ -c -g -O2  conftest.cpp >&5
configure:12518: $? = 0
configure:13038: checking for g++ option to produce PIC
configure:13045: result: -fPIC -DPIC
configure:13053: checking if g++ PIC flag -fPIC -DPIC works
configure:13071: g++ -c -g -O2  -fPIC -DPIC -DPIC conftest.cpp >&5
configure:13075: $? = 0
configure:13088: result: yes
configure:13111: checking if g++ static flag -static works
configure:13139: result: yes
configure:13151: checking if g++ supports -c -o file.o
configure:13172: g++ -c -g -O2  -o out/conftest2.o conftest.cpp >&5
configure:13176: $? = 0
configure:13198: result: yes
configure:13203: checking if g++ supports -c -o file.o
configure:13250: result: yes
configure:13280: checking whether the g++ linker (/usr/bin/ld -m elf_x86_64) supports shared libraries
configure:13319: result: yes
configure:13460: checking dynamic linker characteristics
configure:14139: result: GNU/Linux ld.so
configure:14192: checking how to hardcode library paths into programs
configure:14217: result: immediate
configure:14262: checking how to run the C++ preprocessor
configure:14328: result: g++ -E
configure:14348: g++ -E  conftest.cpp
configure:14348: $? = 0
configure:14362: g++ -E  conftest.cpp
conftest.cpp:21:28: fatal error: ac_nonexistent.h: No such file or directory
compilation terminated.
configure:14362: $? = 1
configure: failed program was:
| /* confdefs.h */
| #define PACKAGE_NAME "sbsms"
| #define PACKAGE_TARNAME "sbsms"
| #define PACKAGE_VERSION "2.0.1"
| #define PACKAGE_STRING "sbsms 2.0.1"
| #define PACKAGE_BUGREPORT ""
| #define PACKAGE_URL ""
| #define STDC_HEADERS 1
| #define HAVE_SYS_TYPES_H 1
| #define HAVE_SYS_STAT_H 1
| #define HAVE_STDLIB_H 1
| #define HAVE_STRING_H 1
| #define HAVE_MEMORY_H 1
| #define HAVE_STRINGS_H 1
| #define HAVE_INTTYPES_H 1
| #define HAVE_STDINT_H 1
| #define HAVE_UNISTD_H 1
| #define HAVE_DLFCN_H 1
| #define LT_OBJDIR ".libs/"
| /* end confdefs.h.  */
| #include <ac_nonexistent.h>
configure:14391: checking for C++ compiler vendor
configure:14415: g++ -c -g -O2  conftest.cpp >&5
conftest.cpp: In function 'int main()':
conftest.cpp:27:7: error: 'thisisanerror' was not declared in this scope
configure:14415: $? = 1
configure: failed program was:
| /* confdefs.h */
| #define PACKAGE_NAME "sbsms"
| #define PACKAGE_TARNAME "sbsms"
| #define PACKAGE_VERSION "2.0.1"
| #define PACKAGE_STRING "sbsms 2.0.1"
| #define PACKAGE_BUGREPORT ""
| #define PACKAGE_URL ""
| #define STDC_HEADERS 1
| #define HAVE_SYS_TYPES_H 1
| #define HAVE_SYS_STAT_H 1
| #define HAVE_STDLIB_H 1
| #define HAVE_STRING_H 1
| #define HAVE_MEMORY_H 1
| #define HAVE_STRINGS_H 1
| #define HAVE_INTTYPES_H 1
| #define HAVE_STDINT_H 1
| #define HAVE_UNISTD_H 1
| #define HAVE_DLFCN_H 1
| #define LT_OBJDIR ".libs/"
| /* end confdefs.h.  */
| 
| int
| main ()
| {
| 
| #if !(defined(__ICC) || defined(__ECC) || defined(__INTEL_COMPILER))
|       thisisanerror;
| #endif
| 
|   ;
|   return 0;
| }
configure:14415: g++ -c -g -O2  conftest.cpp >&5
conftest.cpp: In function 'int main()':
conftest.cpp:27:7: error: 'thisisanerror' was not declared in this scope
configure:14415: $? = 1
configure: failed program was:
| /* confdefs.h */
| #define PACKAGE_NAME "sbsms"
| #define PACKAGE_TARNAME "sbsms"
| #define PACKAGE_VERSION "2.0.1"
| #define PACKAGE_STRING "sbsms 2.0.1"
| #define PACKAGE_BUGREPORT ""
| #define PACKAGE_URL ""
| #define STDC_HEADERS 1
| #define HAVE_SYS_TYPES_H 1
| #define HAVE_SYS_STAT_H 1
| #define HAVE_STDLIB_H 1
| #define HAVE_STRING_H 1
| #define HAVE_MEMORY_H 1
| #define HAVE_STRINGS_H 1
| #define HAVE_INTTYPES_H 1
| #define HAVE_STDINT_H 1
| #define HAVE_UNISTD_H 1
| #define HAVE_DLFCN_H 1
| #define LT_OBJDIR ".libs/"
| /* end confdefs.h.  */
| 
| int
| main ()
| {
| 
| #if !(defined(__xlc__) || defined(__xlC__) || defined(__IBMC__) || defined(__IBMCPP__))
|       thisisanerror;
| #endif
| 
|   ;
|   return 0;
| }
configure:14415: g++ -c -g -O2  conftest.cpp >&5
conftest.cpp: In function 'int main()':
conftest.cpp:27:7: error: 'thisisanerror' was not declared in this scope
configure:14415: $? = 1
configure: failed program was:
| /* confdefs.h */
| #define PACKAGE_NAME "sbsms"
| #define PACKAGE_TARNAME "sbsms"
| #define PACKAGE_VERSION "2.0.1"
| #define PACKAGE_STRING "sbsms 2.0.1"
| #define PACKAGE_BUGREPORT ""
| #define PACKAGE_URL ""
| #define STDC_HEADERS 1
| #define HAVE_SYS_TYPES_H 1
| #define HAVE_SYS_STAT_H 1
| #define HAVE_STDLIB_H 1
| #define HAVE_STRING_H 1
| #define HAVE_MEMORY_H 1
| #define HAVE_STRINGS_H 1
| #define HAVE_INTTYPES_H 1
| #define HAVE_STDINT_H 1
| #define HAVE_UNISTD_H 1
| #define HAVE_DLFCN_H 1
| #define LT_OBJDIR ".libs/"
| /* end confdefs.h.  */
| 
| int
| main ()
| {
| 
| #if !(defined(__PATHCC__) || defined(__PATHSCALE__))
|       thisisanerror;
| #endif
| 
|   ;
|   return 0;
| }
configure:14415: g++ -c -g -O2  conftest.cpp >&5
configure:14415: $? = 0
configure:14422: result: gnu
configure:14430: checking for lrint
configure:14451: g++ -c   conftest.cpp >&5
configure:14451: $? = 0
configure:14458: result: yes
configure:14466: checking for lrintf
configure:14487: g++ -c   conftest.cpp >&5
configure:14487: $? = 0
configure:14494: result: yes
configure:14575: checking whether C++ compiler accepts -msse
configure:14594: g++ -c -msse  conftest.cpp >&5
configure:14594: $? = 0
configure:14604: result: yes
configure:14625: g++ -c   conftest.cpp >&5
configure:14625: $? = 0
configure:14667: checking for a BSD-compatible install
configure:14735: result: /usr/bin/install -c
configure:14746: checking whether build environment is sane
configure:14796: result: yes
configure:14937: checking for a thread-safe mkdir -p
configure:14976: result: /bin/mkdir -p
configure:14985: checking whether make sets $(MAKE)
configure:15007: result: yes
configure:15037: checking for style of include used by make
configure:15065: result: GNU
configure:15151: checking dependency style of gcc
configure:15262: result: gcc3
configure:15279: checking dependency style of g++
configure:15390: result: gcc3
configure:15409: checking whether to enable maintainer-specific portions of Makefiles
configure:15418: result: no
configure:15572: creating ./config.status

## ---------------------- ##
## Running config.status. ##
## ---------------------- ##

This file was extended by sbsms config.status 2.0.1, which was
generated by GNU Autoconf 2.68.  Invocation command line was

  CONFIG_FILES    = 
  CONFIG_HEADERS  = 
  CONFIG_LINKS    = 
  CONFIG_COMMANDS = 
  $ ./config.status 

on wtf

config.status:1167: creating Makefile
config.status:1167: creating src/Makefile
config.status:1167: creating libsbsms.spec
config.status:1167: creating sbsms.pc
config.status:1167: creating src/config.h
config.status:1396: executing libtool commands
config.status:1396: executing depfiles commands

## ---------------- ##
## Cache variables. ##
## ---------------- ##

ac_cv_build=x86_64-unknown-linux-gnu
ac_cv_c99_lrint=yes
ac_cv_c99_lrintf=yes
ac_cv_c_compiler_gnu=yes
ac_cv_cxx_compiler_gnu=yes
ac_cv_env_CCC_set=
ac_cv_env_CCC_value=
ac_cv_env_CC_set=
ac_cv_env_CC_value=
ac_cv_env_CFLAGS_set=
ac_cv_env_CFLAGS_value=
ac_cv_env_CPPFLAGS_set=
ac_cv_env_CPPFLAGS_value=
ac_cv_env_CPP_set=
ac_cv_env_CPP_value=
ac_cv_env_CXXCPP_set=
ac_cv_env_CXXCPP_value=
ac_cv_env_CXXFLAGS_set=
ac_cv_env_CXXFLAGS_value=
ac_cv_env_CXX_set=
ac_cv_env_CXX_value=
ac_cv_env_LDFLAGS_set=
ac_cv_env_LDFLAGS_value=
ac_cv_env_LIBS_set=
ac_cv_env_LIBS_value=
ac_cv_env_build_alias_set=
ac_cv_env_build_alias_value=
ac_cv_env_host_alias_set=
ac_cv_env_host_alias_value=
ac_cv_env_target_alias_set=
ac_cv_env_target_alias_value=
ac_cv_header_dlfcn_h=yes
ac_cv_header_inttypes_h=yes
ac_cv_header_memory_h=yes
ac_cv_header_stdc=yes
ac_cv_header_stdint_h=yes
ac_cv_header_stdlib_h=yes
ac_cv_header_string_h=yes
ac_cv_header_strings_h=yes
ac_cv_header_sys_stat_h=yes
ac_cv_header_sys_types_h=yes
ac_cv_header_unistd_h=yes
ac_cv_host=x86_64-unknown-linux-gnu
ac_cv_objext=o
ac_cv_path_EGREP='/bin/grep -E'
ac_cv_path_FGREP='/bin/grep -F'
ac_cv_path_GREP=/bin/grep
ac_cv_path_SED=/bin/sed
ac_cv_path_install='/usr/bin/install -c'
ac_cv_path_mkdir=/bin/mkdir
ac_cv_prog_AWK=mawk
ac_cv_prog_CPP='gcc -E'
ac_cv_prog_CXXCPP='g++ -E'
ac_cv_prog_ac_ct_AR=ar
ac_cv_prog_ac_ct_CC=gcc
ac_cv_prog_ac_ct_CXX=g++
ac_cv_prog_ac_ct_MANIFEST_TOOL=mt
ac_cv_prog_ac_ct_OBJDUMP=objdump
ac_cv_prog_ac_ct_RANLIB=ranlib
ac_cv_prog_ac_ct_STRIP=strip
ac_cv_prog_cc_c89=
ac_cv_prog_cc_g=yes
ac_cv_prog_cxx_g=yes
ac_cv_prog_make_make_set=yes
ac_cv_target=x86_64-unknown-linux-gnu
am_cv_CC_dependencies_compiler_type=gcc3
am_cv_CXX_dependencies_compiler_type=gcc3
ax_cv_cxx_compiler_vendor=gnu
ax_cv_cxx_flags__msse=yes
lt_cv_ar_at_file=@
lt_cv_deplibs_check_method=pass_all
lt_cv_file_magic_cmd='$MAGIC_CMD'
lt_cv_file_magic_test_file=
lt_cv_ld_reload_flag=-r
lt_cv_nm_interface='BSD nm'
lt_cv_objdir=.libs
lt_cv_path_LD=/usr/bin/ld
lt_cv_path_LDCXX='/usr/bin/ld -m elf_x86_64'
lt_cv_path_NM='/usr/bin/nm -B'
lt_cv_path_mainfest_tool=no
lt_cv_prog_compiler_c_o=yes
lt_cv_prog_compiler_c_o_CXX=yes
lt_cv_prog_compiler_pic='-fPIC -DPIC'
lt_cv_prog_compiler_pic_CXX='-fPIC -DPIC'
lt_cv_prog_compiler_pic_works=yes
lt_cv_prog_compiler_pic_works_CXX=yes
lt_cv_prog_compiler_rtti_exceptions=no
lt_cv_prog_compiler_static_works=yes
lt_cv_prog_compiler_static_works_CXX=yes
lt_cv_prog_gnu_ld=yes
lt_cv_prog_gnu_ldcxx=yes
lt_cv_sharedlib_from_linklib_cmd='printf %s\n'
lt_cv_shlibpath_overrides_runpath=no
lt_cv_sys_global_symbol_pipe='sed -n -e '\''s/^.*[	 ]\([ABCDGIRSTW][ABCDGIRSTW]*\)[	 ][	 ]*\([_A-Za-z][_A-Za-z0-9]*\)$/\1 \2 \2/p'\'' | sed '\''/ __gnu_lto/d'\'''
lt_cv_sys_global_symbol_to_c_name_address='sed -n -e '\''s/^: \([^ ]*\)[ ]*$/  {\"\1\", (void *) 0},/p'\'' -e '\''s/^[ABCDGIRSTW]* \([^ ]*\) \([^ ]*\)$/  {"\2", (void *) \&\2},/p'\'''
lt_cv_sys_global_symbol_to_c_name_address_lib_prefix='sed -n -e '\''s/^: \([^ ]*\)[ ]*$/  {\"\1\", (void *) 0},/p'\'' -e '\''s/^[ABCDGIRSTW]* \([^ ]*\) \(lib[^ ]*\)$/  {"\2", (void *) \&\2},/p'\'' -e '\''s/^[ABCDGIRSTW]* \([^ ]*\) \([^ ]*\)$/  {"lib\2", (void *) \&\2},/p'\'''
lt_cv_sys_global_symbol_to_cdecl='sed -n -e '\''s/^T .* \(.*\)$/extern int \1();/p'\'' -e '\''s/^[ABCDGIRSTW]* .* \(.*\)$/extern char \1;/p'\'''
lt_cv_sys_max_cmd_len=3458764513820540925
lt_cv_to_host_file_cmd=func_convert_file_noop
lt_cv_to_tool_file_cmd=func_convert_file_noop

## ----------------- ##
## Output variables. ##
## ----------------- ##

ACLOCAL='${SHELL} /home/bob/Desktop/audiocode/plugins/pydaw_sbsms/missing --run aclocal-1.11'
AMDEPBACKSLASH='\'
AMDEP_FALSE='#'
AMDEP_TRUE=''
AMTAR='$${TAR-tar}'
AR='ar'
AUTOCONF='${SHELL} /home/bob/Desktop/audiocode/plugins/pydaw_sbsms/missing --run autoconf'
AUTOHEADER='${SHELL} /home/bob/Desktop/audiocode/plugins/pydaw_sbsms/missing --run autoheader'
AUTOMAKE='${SHELL} /home/bob/Desktop/audiocode/plugins/pydaw_sbsms/missing --run automake-1.11'
AWK='mawk'
CC='gcc'
CCDEPMODE='depmode=gcc3'
CFLAGS='-g -O2'
CPP='gcc -E'
CPPFLAGS=''
CXX='g++'
CXXCPP='g++ -E'
CXXDEPMODE='depmode=gcc3'
CXXFLAGS=''
CYGPATH_W='echo'
DEFS='-DHAVE_CONFIG_H'
DEPDIR='.deps'
DLLTOOL='false'
DSYMUTIL=''
DUMPBIN=''
ECHO_C=''
ECHO_N='-n'
ECHO_T=''
EGREP='/bin/grep -E'
EXEEXT=''
FGREP='/bin/grep -F'
GREP='/bin/grep'
INSTALL_DATA='${INSTALL} -m 644'
INSTALL_PROGRAM='${INSTALL}'
INSTALL_SCRIPT='${INSTALL}'
INSTALL_STRIP_PROGRAM='$(install_sh) -c -s'
LD='/usr/bin/ld -m elf_x86_64'
LDFLAGS=''
LIBOBJS=''
LIBS=''
LIBTOOL='$(SHELL) $(top_builddir)/libtool'
LIPO=''
LN_S='ln -s'
LTLIBOBJS=''
MAINT='#'
MAINTAINER_MODE_FALSE=''
MAINTAINER_MODE_TRUE='#'
MAKEINFO='${SHELL} /home/bob/Desktop/audiocode/plugins/pydaw_sbsms/missing --run makeinfo'
MANIFEST_TOOL=':'
MKDIR_P='/bin/mkdir -p'
NM='/usr/bin/nm -B'
NMEDIT=''
OBJDUMP='objdump'
OBJEXT='o'
OTOOL64=''
OTOOL=''
PACKAGE='sbsms'
PACKAGE_BUGREPORT=''
PACKAGE_NAME='sbsms'
PACKAGE_STRING='sbsms 2.0.1'
PACKAGE_TARNAME='sbsms'
PACKAGE_URL=''
PACKAGE_VERSION='2.0.1'
PATH_SEPARATOR=':'
RANLIB='ranlib'
SBSMS_CFLAGS='-ffast-math -funroll-loops -O3 -fomit-frame-pointer -msse'
SED='/bin/sed'
SET_MAKE=''
SHARED_VERSION_INFO='10:1:0'
SHELL='/bin/bash'
SHLIB_VERSION_ARG=''
STRIP='strip'
VERSION='2.0.1'
ac_ct_AR='ar'
ac_ct_CC='gcc'
ac_ct_CXX='g++'
ac_ct_DUMPBIN=''
am__EXEEXT_FALSE=''
am__EXEEXT_TRUE='#'
am__fastdepCC_FALSE='#'
am__fastdepCC_TRUE=''
am__fastdepCXX_FALSE='#'
am__fastdepCXX_TRUE=''
am__include='include'
am__isrc=''
am__leading_dot='.'
am__nodep='_no'
am__quote=''
am__tar='$${TAR-tar} chof - "$$tardir"'
am__untar='$${TAR-tar} xf -'
bindir='${exec_prefix}/bin'
build='x86_64-unknown-linux-gnu'
build_alias=''
build_cpu='x86_64'
build_os='linux-gnu'
build_vendor='unknown'
datadir='${datarootdir}'
datarootdir='${prefix}/share'
docdir='${datarootdir}/doc/${PACKAGE_TARNAME}'
dvidir='${docdir}'
exec_prefix='${prefix}'
host='x86_64-unknown-linux-gnu'
host_alias=''
host_cpu='x86_64'
host_os='linux-gnu'
host_vendor='unknown'
htmldir='${docdir}'
includedir='${prefix}/include'
infodir='${datarootdir}/info'
install_sh='${SHELL} /home/bob/Desktop/audiocode/plugins/pydaw_sbsms/install-sh'
libdir='${exec_prefix}/lib'
libexecdir='${exec_prefix}/libexec'
localedir='${datarootdir}/locale'
localstatedir='${prefix}/var'
mandir='${datarootdir}/man'
mkdir_p='/bin/mkdir -p'
oldincludedir='/usr/include'
pdfdir='${docdir}'
prefix='/usr/lib/pydaw3/sbsms'
program_transform_name='s,x,x,'
psdir='${docdir}'
sbindir='${exec_prefix}/sbin'
sharedstatedir='${prefix}/com'
sysconfdir='${prefix}/etc'
target='x86_64-unknown-linux-gnu'
target_alias=''
target_cpu='x86_64'
target_os='linux-gnu'
target_vendor='unknown'

## ----------- ##
## confdefs.h. ##
## ----------- ##

/* confdefs.h */
#define PACKAGE_NAME "sbsms"
#define PACKAGE_TARNAME "sbsms"
#define PACKAGE_VERSION "2.0.1"
#define PACKAGE_STRING "sbsms 2.0.1"
#define PACKAGE_BUGREPORT ""
#define PACKAGE_URL ""
#define STDC_HEADERS 1
#define HAVE_SYS_TYPES_H 1
#define HAVE_SYS_STAT_H 1
#define HAVE_STDLIB_H 1
#define HAVE_STRING_H 1
#define HAVE_MEMORY_H 1
#define HAVE_STRINGS_H 1
#define HAVE_INTTYPES_H 1
#define HAVE_STDINT_H 1
#define HAVE_UNISTD_H 1
#define HAVE_DLFCN_H 1
#define LT_OBJDIR ".libs/"
#define HAVE_LRINT 1
#define HAVE_LRINTF 1
#define ENABLE_SSE 1
#define PACKAGE "sbsms"
#define VERSION "2.0.1"

configure: exit 0

## ---------------------- ##
## Running config.status. ##
## ---------------------- ##

This file was extended by sbsms config.status 2.0.1, which was
generated by GNU Autoconf 2.68.  Invocation command line was

  CONFIG_FILES    = 
  CONFIG_HEADERS  = 
  CONFIG_LINKS    = 
  CONFIG_COMMANDS = 
  $ ./config.status Makefile

on wtf

config.status:1167: creating Makefile

## ---------------------- ##
## Running config.status. ##
## ---------------------- ##

This file was extended by sbsms config.status 2.0.1, which was
generated by GNU Autoconf 2.68.  Invocation command line was

  CONFIG_FILES    = 
  CONFIG_HEADERS  = 
  CONFIG_LINKS    = 
  CONFIG_COMMANDS = 
  $ ./config.status src/Makefile depfiles

on wtf

config.status:1167: creating src/Makefile
config.status:1396: executing depfiles commands
