This file contains any messages produced by compilers while
running configure, to aid debugging if configure makes a mistake.

It was created by LibModSynth configure 0.0.1, which was
generated by GNU Autoconf 2.68.  Invocation command line was

  $ ./configure 

## --------- ##
## Platform. ##
## --------- ##

hostname = ubu32
uname -m = i686
uname -r = 3.2.0-11-generic-pae
uname -s = Linux
uname -v = #19-Ubuntu SMP Wed Jan 25 22:23:59 UTC 2012

/usr/bin/uname -p = unknown
/bin/uname -X     = unknown

/bin/arch              = unknown
/usr/bin/arch -k       = unknown
/usr/convex/getsysinfo = unknown
/usr/bin/hostinfo      = unknown
/bin/machine           = unknown
/usr/bin/oslevel       = unknown
/bin/universe          = unknown

PATH: /usr/lib/lightdm/lightdm
PATH: /usr/local/sbin
PATH: /usr/local/bin
PATH: /usr/sbin
PATH: /usr/bin
PATH: /sbin
PATH: /bin
PATH: /usr/games


## ----------- ##
## Core tests. ##
## ----------- ##

configure:2511: checking for a BSD-compatible install
configure:2579: result: /usr/bin/install -c
configure:2590: checking whether build environment is sane
configure:2640: result: yes
configure:2781: checking for a thread-safe mkdir -p
configure:2820: result: /bin/mkdir -p
configure:2833: checking for gawk
configure:2863: result: no
configure:2833: checking for mawk
configure:2849: found /usr/bin/mawk
configure:2860: result: mawk
configure:2871: checking whether make sets $(MAKE)
configure:2893: result: yes
configure:3024: checking for gcc
configure:3040: found /usr/bin/gcc
configure:3051: result: gcc
configure:3280: checking for C compiler version
configure:3289: gcc --version >&5
gcc (Ubuntu/Linaro 4.6.2-12ubuntu1) 4.6.2
Copyright (C) 2011 Free Software Foundation, Inc.
This is free software; see the source for copying conditions.  There is NO
warranty; not even for MERCHANTABILITY or FITNESS FOR A PARTICULAR PURPOSE.

configure:3300: $? = 0
configure:3289: gcc -v >&5
Using built-in specs.
COLLECT_GCC=gcc
COLLECT_LTO_WRAPPER=/usr/lib/gcc/i686-linux-gnu/4.6/lto-wrapper
Target: i686-linux-gnu
Configured with: ../src/configure -v --with-pkgversion='Ubuntu/Linaro 4.6.2-12ubuntu1' --with-bugurl=file:///usr/share/doc/gcc-4.6/README.Bugs --enable-languages=c,c++,fortran,objc,obj-c++,go --prefix=/usr --program-suffix=-4.6 --enable-shared --enable-linker-build-id --with-system-zlib --libexecdir=/usr/lib --without-included-gettext --enable-threads=posix --with-gxx-include-dir=/usr/include/c++/4.6 --libdir=/usr/lib --enable-nls --with-sysroot=/ --enable-clocale=gnu --enable-libstdcxx-debug --enable-libstdcxx-time=yes --enable-plugin --enable-objc-gc --enable-targets=all --disable-werror --with-arch-32=i686 --with-tune=generic --enable-checking=release --build=i686-linux-gnu --host=i686-linux-gnu --target=i686-linux-gnu
Thread model: posix
gcc version 4.6.2 (Ubuntu/Linaro 4.6.2-12ubuntu1) 
configure:3300: $? = 0
configure:3289: gcc -V >&5
gcc: error: unrecognized option '-V'
gcc: fatal error: no input files
compilation terminated.
configure:3300: $? = 4
configure:3289: gcc -qversion >&5
gcc: error: unrecognized option '-qversion'
gcc: fatal error: no input files
compilation terminated.
configure:3300: $? = 4
configure:3320: checking whether the C compiler works
configure:3342: gcc    conftest.c  >&5
configure:3346: $? = 0
configure:3394: result: yes
configure:3397: checking for C compiler default output file name
configure:3399: result: a.out
configure:3405: checking for suffix of executables
configure:3412: gcc -o conftest    conftest.c  >&5
configure:3416: $? = 0
configure:3438: result: 
configure:3460: checking whether we are cross compiling
configure:3468: gcc -o conftest    conftest.c  >&5
configure:3472: $? = 0
configure:3479: ./conftest
configure:3483: $? = 0
configure:3498: result: no
configure:3503: checking for suffix of object files
configure:3525: gcc -c   conftest.c >&5
configure:3529: $? = 0
configure:3550: result: o
configure:3554: checking whether we are using the GNU C compiler
configure:3573: gcc -c   conftest.c >&5
configure:3573: $? = 0
configure:3582: result: yes
configure:3591: checking whether gcc accepts -g
configure:3611: gcc -c -g  conftest.c >&5
configure:3611: $? = 0
configure:3652: result: yes
configure:3669: checking for gcc option to accept ISO C89
configure:3733: gcc  -c -g -O2  conftest.c >&5
configure:3733: $? = 0
configure:3746: result: none needed
configure:3777: checking for style of include used by make
configure:3805: result: GNU
configure:3830: checking dependency style of gcc
configure:3940: result: gcc3
configure:4013: checking for g++
configure:4029: found /usr/bin/g++
configure:4040: result: g++
configure:4067: checking for C++ compiler version
configure:4076: g++ --version >&5
g++ (Ubuntu/Linaro 4.6.2-12ubuntu1) 4.6.2
Copyright (C) 2011 Free Software Foundation, Inc.
This is free software; see the source for copying conditions.  There is NO
warranty; not even for MERCHANTABILITY or FITNESS FOR A PARTICULAR PURPOSE.

configure:4087: $? = 0
configure:4076: g++ -v >&5
Using built-in specs.
COLLECT_GCC=g++
COLLECT_LTO_WRAPPER=/usr/lib/gcc/i686-linux-gnu/4.6/lto-wrapper
Target: i686-linux-gnu
Configured with: ../src/configure -v --with-pkgversion='Ubuntu/Linaro 4.6.2-12ubuntu1' --with-bugurl=file:///usr/share/doc/gcc-4.6/README.Bugs --enable-languages=c,c++,fortran,objc,obj-c++,go --prefix=/usr --program-suffix=-4.6 --enable-shared --enable-linker-build-id --with-system-zlib --libexecdir=/usr/lib --without-included-gettext --enable-threads=posix --with-gxx-include-dir=/usr/include/c++/4.6 --libdir=/usr/lib --enable-nls --with-sysroot=/ --enable-clocale=gnu --enable-libstdcxx-debug --enable-libstdcxx-time=yes --enable-plugin --enable-objc-gc --enable-targets=all --disable-werror --with-arch-32=i686 --with-tune=generic --enable-checking=release --build=i686-linux-gnu --host=i686-linux-gnu --target=i686-linux-gnu
Thread model: posix
gcc version 4.6.2 (Ubuntu/Linaro 4.6.2-12ubuntu1) 
configure:4087: $? = 0
configure:4076: g++ -V >&5
g++: error: unrecognized option '-V'
g++: fatal error: no input files
compilation terminated.
configure:4087: $? = 4
configure:4076: g++ -qversion >&5
g++: error: unrecognized option '-qversion'
g++: fatal error: no input files
compilation terminated.
configure:4087: $? = 4
configure:4091: checking whether we are using the GNU C++ compiler
configure:4110: g++ -c   conftest.cpp >&5
configure:4110: $? = 0
configure:4119: result: yes
configure:4128: checking whether g++ accepts -g
configure:4148: g++ -c -g  conftest.cpp >&5
configure:4148: $? = 0
configure:4189: result: yes
configure:4214: checking dependency style of g++
configure:4324: result: gcc3
configure:4430: checking build system type
configure:4444: result: i686-pc-linux-gnu
configure:4464: checking host system type
configure:4477: result: i686-pc-linux-gnu
configure:4518: checking how to print strings
configure:4545: result: printf
configure:4566: checking for a sed that does not truncate output
configure:4630: result: /bin/sed
configure:4648: checking for grep that handles long lines and -e
configure:4706: result: /bin/grep
configure:4711: checking for egrep
configure:4773: result: /bin/grep -E
configure:4778: checking for fgrep
configure:4840: result: /bin/grep -F
configure:4875: checking for ld used by gcc
configure:4942: result: /usr/bin/ld
configure:4949: checking if the linker (/usr/bin/ld) is GNU ld
configure:4964: result: yes
configure:4976: checking for BSD- or MS-compatible name lister (nm)
configure:5025: result: /usr/bin/nm -B
configure:5155: checking the name lister (/usr/bin/nm -B) interface
configure:5162: gcc -c -g -O2  conftest.c >&5
configure:5165: /usr/bin/nm -B "conftest.o"
configure:5168: output
00000000 B some_variable
configure:5175: result: BSD nm
configure:5178: checking whether ln -s works
configure:5182: result: yes
configure:5190: checking the maximum length of command line arguments
configure:5320: result: 1572864
configure:5337: checking whether the shell understands some XSI constructs
configure:5347: result: yes
configure:5351: checking whether the shell understands "+="
configure:5357: result: yes
configure:5392: checking how to convert i686-pc-linux-gnu file names to i686-pc-linux-gnu format
configure:5432: result: func_convert_file_noop
configure:5439: checking how to convert i686-pc-linux-gnu file names to toolchain format
configure:5459: result: func_convert_file_noop
configure:5466: checking for /usr/bin/ld option to reload object files
configure:5473: result: -r
configure:5547: checking for objdump
configure:5563: found /usr/bin/objdump
configure:5574: result: objdump
configure:5606: checking how to recognize dependent libraries
configure:5808: result: pass_all
configure:5893: checking for dlltool
configure:5923: result: no
configure:5953: checking how to associate runtime and link libraries
configure:5980: result: printf %s\n
configure:6041: checking for ar
configure:6057: found /usr/bin/ar
configure:6068: result: ar
configure:6105: checking for archiver @FILE support
configure:6122: gcc -c -g -O2  conftest.c >&5
configure:6122: $? = 0
configure:6125: ar cru libconftest.a @conftest.lst >&5
configure:6128: $? = 0
configure:6133: ar cru libconftest.a @conftest.lst >&5
ar: conftest.o: No such file or directory
configure:6136: $? = 1
configure:6148: result: @
configure:6206: checking for strip
configure:6222: found /usr/bin/strip
configure:6233: result: strip
configure:6305: checking for ranlib
configure:6321: found /usr/bin/ranlib
configure:6332: result: ranlib
configure:6434: checking command to parse /usr/bin/nm -B output from gcc object
configure:6554: gcc -c -g -O2  conftest.c >&5
configure:6557: $? = 0
configure:6561: /usr/bin/nm -B conftest.o \| sed -n -e 's/^.*[ ]\([ABCDGIRSTW][ABCDGIRSTW]*\)[ ][ ]*\([_A-Za-z][_A-Za-z0-9]*\)$/\1 \2 \2/p' | sed '/ __gnu_lto/d' \> conftest.nm
configure:6564: $? = 0
configure:6630: gcc -o conftest -g -O2   conftest.c conftstm.o >&5
configure:6633: $? = 0
configure:6671: result: ok
configure:6708: checking for sysroot
configure:6738: result: no
configure:6994: checking for mt
configure:7010: found /bin/mt
configure:7021: result: mt
configure:7044: checking if mt is a manifest tool
configure:7050: mt '-?'
configure:7058: result: no
configure:7700: checking how to run the C preprocessor
configure:7731: gcc -E  conftest.c
configure:7731: $? = 0
configure:7745: gcc -E  conftest.c
conftest.c:11:28: fatal error: ac_nonexistent.h: No such file or directory
compilation terminated.
configure:7745: $? = 1
configure: failed program was:
| /* confdefs.h */
| #define PACKAGE_NAME "LibModSynth"
| #define PACKAGE_TARNAME "libmodsynth"
| #define PACKAGE_VERSION "0.0.1"
| #define PACKAGE_STRING "LibModSynth 0.0.1"
| #define PACKAGE_BUGREPORT "jhubbard651@users.sf.net"
| #define PACKAGE_URL ""
| #define PACKAGE "libmodsynth"
| #define VERSION "0.0.1"
| /* end confdefs.h.  */
| #include <ac_nonexistent.h>
configure:7770: result: gcc -E
configure:7790: gcc -E  conftest.c
configure:7790: $? = 0
configure:7804: gcc -E  conftest.c
conftest.c:11:28: fatal error: ac_nonexistent.h: No such file or directory
compilation terminated.
configure:7804: $? = 1
configure: failed program was:
| /* confdefs.h */
| #define PACKAGE_NAME "LibModSynth"
| #define PACKAGE_TARNAME "libmodsynth"
| #define PACKAGE_VERSION "0.0.1"
| #define PACKAGE_STRING "LibModSynth 0.0.1"
| #define PACKAGE_BUGREPORT "jhubbard651@users.sf.net"
| #define PACKAGE_URL ""
| #define PACKAGE "libmodsynth"
| #define VERSION "0.0.1"
| /* end confdefs.h.  */
| #include <ac_nonexistent.h>
configure:7833: checking for ANSI C header files
configure:7853: gcc -c -g -O2  conftest.c >&5
configure:7853: $? = 0
configure:7926: gcc -o conftest -g -O2   conftest.c  >&5
configure:7926: $? = 0
configure:7926: ./conftest
configure:7926: $? = 0
configure:7937: result: yes
configure:7950: checking for sys/types.h
configure:7950: gcc -c -g -O2  conftest.c >&5
configure:7950: $? = 0
configure:7950: result: yes
configure:7950: checking for sys/stat.h
configure:7950: gcc -c -g -O2  conftest.c >&5
configure:7950: $? = 0
configure:7950: result: yes
configure:7950: checking for stdlib.h
configure:7950: gcc -c -g -O2  conftest.c >&5
configure:7950: $? = 0
configure:7950: result: yes
configure:7950: checking for string.h
configure:7950: gcc -c -g -O2  conftest.c >&5
configure:7950: $? = 0
configure:7950: result: yes
configure:7950: checking for memory.h
configure:7950: gcc -c -g -O2  conftest.c >&5
configure:7950: $? = 0
configure:7950: result: yes
configure:7950: checking for strings.h
configure:7950: gcc -c -g -O2  conftest.c >&5
configure:7950: $? = 0
configure:7950: result: yes
configure:7950: checking for inttypes.h
configure:7950: gcc -c -g -O2  conftest.c >&5
configure:7950: $? = 0
configure:7950: result: yes
configure:7950: checking for stdint.h
configure:7950: gcc -c -g -O2  conftest.c >&5
configure:7950: $? = 0
configure:7950: result: yes
configure:7950: checking for unistd.h
configure:7950: gcc -c -g -O2  conftest.c >&5
configure:7950: $? = 0
configure:7950: result: yes
configure:7964: checking for dlfcn.h
configure:7964: gcc -c -g -O2  conftest.c >&5
configure:7964: $? = 0
configure:7964: result: yes
configure:8121: checking for objdir
configure:8136: result: .libs
configure:8403: checking if gcc supports -fno-rtti -fno-exceptions
configure:8421: gcc -c -g -O2  -fno-rtti -fno-exceptions conftest.c >&5
cc1: warning: command line option '-fno-rtti' is valid for C++/ObjC++ but not for C [enabled by default]
configure:8425: $? = 0
configure:8438: result: no
configure:8765: checking for gcc option to produce PIC
configure:8772: result: -fPIC -DPIC
configure:8780: checking if gcc PIC flag -fPIC -DPIC works
configure:8798: gcc -c -g -O2  -fPIC -DPIC -DPIC conftest.c >&5
configure:8802: $? = 0
configure:8815: result: yes
configure:8844: checking if gcc static flag -static works
configure:8872: result: yes
configure:8887: checking if gcc supports -c -o file.o
configure:8908: gcc -c -g -O2  -o out/conftest2.o conftest.c >&5
configure:8912: $? = 0
configure:8934: result: yes
configure:8942: checking if gcc supports -c -o file.o
configure:8989: result: yes
configure:9022: checking whether the gcc linker (/usr/bin/ld) supports shared libraries
configure:10179: result: yes
configure:10216: checking whether -lc should be explicitly linked in
configure:10224: gcc -c -g -O2  conftest.c >&5
configure:10227: $? = 0
configure:10242: gcc -shared  -fPIC -DPIC conftest.o  -v -Wl,-soname -Wl,conftest -o conftest 2\>\&1 \| /bin/grep  -lc  \>/dev/null 2\>\&1
configure:10245: $? = 0
configure:10259: result: no
configure:10419: checking dynamic linker characteristics
configure:10930: gcc -o conftest -g -O2   -Wl,-rpath -Wl,/foo conftest.c  >&5
configure:10930: $? = 0
configure:11164: result: GNU/Linux ld.so
configure:11271: checking how to hardcode library paths into programs
configure:11296: result: immediate
configure:11836: checking whether stripping libraries is possible
configure:11841: result: yes
configure:11876: checking if libtool supports shared libraries
configure:11878: result: yes
configure:11881: checking whether to build shared libraries
configure:11902: result: yes
configure:11905: checking whether to build static libraries
configure:11909: result: no
configure:11932: checking how to run the C++ preprocessor
configure:11959: g++ -E  conftest.cpp
configure:11959: $? = 0
configure:11973: g++ -E  conftest.cpp
conftest.cpp:23:28: fatal error: ac_nonexistent.h: No such file or directory
compilation terminated.
configure:11973: $? = 1
configure: failed program was:
| /* confdefs.h */
| #define PACKAGE_NAME "LibModSynth"
| #define PACKAGE_TARNAME "libmodsynth"
| #define PACKAGE_VERSION "0.0.1"
| #define PACKAGE_STRING "LibModSynth 0.0.1"
| #define PACKAGE_BUGREPORT "jhubbard651@users.sf.net"
| #define PACKAGE_URL ""
| #define PACKAGE "libmodsynth"
| #define VERSION "0.0.1"
| #define STDC_HEADERS 1
| #define HAVE_SYS_TYPES_H 1
| #define HAVE_SYS_STAT_H 1
| #define HAVE_STDLIB_H 1
| #define HAVE_STRING_H 1
| #define HAVE_MEMORY_H 1
| #define HAVE_STRINGS_H 1
| #define HAVE_INTTYPES_H 1
| #define HAVE_STDINT_H 1
| #define HAVE_UNISTD_H 1
| #define HAVE_DLFCN_H 1
| #define LT_OBJDIR ".libs/"
| /* end confdefs.h.  */
| #include <ac_nonexistent.h>
configure:11998: result: g++ -E
configure:12018: g++ -E  conftest.cpp
configure:12018: $? = 0
configure:12032: g++ -E  conftest.cpp
conftest.cpp:23:28: fatal error: ac_nonexistent.h: No such file or directory
compilation terminated.
configure:12032: $? = 1
configure: failed program was:
| /* confdefs.h */
| #define PACKAGE_NAME "LibModSynth"
| #define PACKAGE_TARNAME "libmodsynth"
| #define PACKAGE_VERSION "0.0.1"
| #define PACKAGE_STRING "LibModSynth 0.0.1"
| #define PACKAGE_BUGREPORT "jhubbard651@users.sf.net"
| #define PACKAGE_URL ""
| #define PACKAGE "libmodsynth"
| #define VERSION "0.0.1"
| #define STDC_HEADERS 1
| #define HAVE_SYS_TYPES_H 1
| #define HAVE_SYS_STAT_H 1
| #define HAVE_STDLIB_H 1
| #define HAVE_STRING_H 1
| #define HAVE_MEMORY_H 1
| #define HAVE_STRINGS_H 1
| #define HAVE_INTTYPES_H 1
| #define HAVE_STDINT_H 1
| #define HAVE_UNISTD_H 1
| #define HAVE_DLFCN_H 1
| #define LT_OBJDIR ".libs/"
| /* end confdefs.h.  */
| #include <ac_nonexistent.h>
configure:12201: checking for ld used by g++
configure:12268: result: /usr/bin/ld
configure:12275: checking if the linker (/usr/bin/ld) is GNU ld
configure:12290: result: yes
configure:12345: checking whether the g++ linker (/usr/bin/ld) supports shared libraries
configure:13350: result: yes
configure:13386: g++ -c -g -O2  conftest.cpp >&5
configure:13389: $? = 0
configure:13909: checking for g++ option to produce PIC
configure:13916: result: -fPIC -DPIC
configure:13924: checking if g++ PIC flag -fPIC -DPIC works
configure:13942: g++ -c -g -O2  -fPIC -DPIC -DPIC conftest.cpp >&5
configure:13946: $? = 0
configure:13959: result: yes
configure:13982: checking if g++ static flag -static works
configure:14010: result: yes
configure:14022: checking if g++ supports -c -o file.o
configure:14043: g++ -c -g -O2  -o out/conftest2.o conftest.cpp >&5
configure:14047: $? = 0
configure:14069: result: yes
configure:14074: checking if g++ supports -c -o file.o
configure:14121: result: yes
configure:14151: checking whether the g++ linker (/usr/bin/ld) supports shared libraries
configure:14190: result: yes
configure:14331: checking dynamic linker characteristics
configure:15010: result: GNU/Linux ld.so
configure:15063: checking how to hardcode library paths into programs
configure:15088: result: immediate
configure:15149: checking whether ln -s works
configure:15153: result: yes
configure:15161: checking whether byte ordering is bigendian
configure:15176: gcc -c -g -O2  conftest.c >&5
conftest.c:24:9: error: unknown type name 'not'
conftest.c:24:15: error: expected '=', ',', ';', 'asm' or '__attribute__' before 'universal'
conftest.c:24:15: error: unknown type name 'universal'
configure:15176: $? = 1
configure: failed program was:
| /* confdefs.h */
| #define PACKAGE_NAME "LibModSynth"
| #define PACKAGE_TARNAME "libmodsynth"
| #define PACKAGE_VERSION "0.0.1"
| #define PACKAGE_STRING "LibModSynth 0.0.1"
| #define PACKAGE_BUGREPORT "jhubbard651@users.sf.net"
| #define PACKAGE_URL ""
| #define PACKAGE "libmodsynth"
| #define VERSION "0.0.1"
| #define STDC_HEADERS 1
| #define HAVE_SYS_TYPES_H 1
| #define HAVE_SYS_STAT_H 1
| #define HAVE_STDLIB_H 1
| #define HAVE_STRING_H 1
| #define HAVE_MEMORY_H 1
| #define HAVE_STRINGS_H 1
| #define HAVE_INTTYPES_H 1
| #define HAVE_STDINT_H 1
| #define HAVE_UNISTD_H 1
| #define HAVE_DLFCN_H 1
| #define LT_OBJDIR ".libs/"
| /* end confdefs.h.  */
| #ifndef __APPLE_CC__
| 	       not a universal capable compiler
| 	     #endif
| 	     typedef int dummy;
| 
configure:15221: gcc -c -g -O2  conftest.c >&5
configure:15221: $? = 0
configure:15239: gcc -c -g -O2  conftest.c >&5
conftest.c: In function 'main':
conftest.c:30:4: error: unknown type name 'not'
conftest.c:30:12: error: expected '=', ',', ';', 'asm' or '__attribute__' before 'endian'
configure:15239: $? = 1
configure: failed program was:
| /* confdefs.h */
| #define PACKAGE_NAME "LibModSynth"
| #define PACKAGE_TARNAME "libmodsynth"
| #define PACKAGE_VERSION "0.0.1"
| #define PACKAGE_STRING "LibModSynth 0.0.1"
| #define PACKAGE_BUGREPORT "jhubbard651@users.sf.net"
| #define PACKAGE_URL ""
| #define PACKAGE "libmodsynth"
| #define VERSION "0.0.1"
| #define STDC_HEADERS 1
| #define HAVE_SYS_TYPES_H 1
| #define HAVE_SYS_STAT_H 1
| #define HAVE_STDLIB_H 1
| #define HAVE_STRING_H 1
| #define HAVE_MEMORY_H 1
| #define HAVE_STRINGS_H 1
| #define HAVE_INTTYPES_H 1
| #define HAVE_STDINT_H 1
| #define HAVE_UNISTD_H 1
| #define HAVE_DLFCN_H 1
| #define LT_OBJDIR ".libs/"
| /* end confdefs.h.  */
| #include <sys/types.h>
| 		#include <sys/param.h>
| 
| int
| main ()
| {
| #if BYTE_ORDER != BIG_ENDIAN
| 		 not big endian
| 		#endif
| 
|   ;
|   return 0;
| }
configure:15367: result: no
configure:15388: checking ladspa.h usability
configure:15388: gcc -c -g -O2  conftest.c >&5
configure:15388: $? = 0
configure:15388: result: yes
configure:15388: checking ladspa.h presence
configure:15388: gcc -E  conftest.c
configure:15388: $? = 0
configure:15388: result: yes
configure:15388: checking for ladspa.h
configure:15388: result: yes
configure:15453: checking for pkg-config
configure:15471: found /usr/bin/pkg-config
configure:15483: result: /usr/bin/pkg-config
configure:15508: checking pkg-config is at least version 0.9.0
configure:15511: result: yes
configure:15521: checking for ALSA
configure:15528: $PKG_CONFIG --exists --print-errors "alsa >= 0.9"
configure:15531: $? = 0
configure:15545: $PKG_CONFIG --exists --print-errors "alsa >= 0.9"
configure:15548: $? = 0
configure:15586: result: yes
configure:15668: checking for LIBLO
configure:15675: $PKG_CONFIG --exists --print-errors "liblo >= 0.12"
configure:15678: $? = 0
configure:15692: $PKG_CONFIG --exists --print-errors "liblo >= 0.12"
configure:15695: $? = 0
configure:15733: result: yes
configure:15750: checking for JACK
configure:15757: $PKG_CONFIG --exists --print-errors "jack >= 0.99.14"
configure:15760: $? = 0
configure:15774: $PKG_CONFIG --exists --print-errors "jack >= 0.99.14"
configure:15777: $? = 0
configure:15815: result: yes
configure:15832: checking for SNDFILE
configure:15839: $PKG_CONFIG --exists --print-errors "sndfile"
configure:15842: $? = 0
configure:15856: $PKG_CONFIG --exists --print-errors "sndfile"
configure:15859: $? = 0
configure:15897: result: yes
configure:15903: checking for SRC
configure:15910: $PKG_CONFIG --exists --print-errors "samplerate"
configure:15913: $? = 0
configure:15927: $PKG_CONFIG --exists --print-errors "samplerate"
configure:15930: $? = 0
configure:15968: result: yes
configure:15980: checking for QT
configure:15987: $PKG_CONFIG --exists --print-errors "QtCore >= 4.0.1 QtGui >= 4.0.1"
configure:15990: $? = 0
configure:16004: $PKG_CONFIG --exists --print-errors "QtCore >= 4.0.1 QtGui >= 4.0.1"
configure:16007: $? = 0
configure:16047: result: yes
configure:16141: checking whether Qt is X11-based
configure:16166: g++ -c -g -O2 -DQT_SHARED -I/usr/include/qt4 -I/usr/include/qt4/QtCore -I/usr/include/qt4/QtGui    conftest.cpp >&5
configure:16166: $? = 0
configure:16168: result: yes
configure:16418: creating ./config.status

## ---------------------- ##
## Running config.status. ##
## ---------------------- ##

This file was extended by LibModSynth config.status 0.0.1, which was
generated by GNU Autoconf 2.68.  Invocation command line was

  CONFIG_FILES    = 
  CONFIG_HEADERS  = 
  CONFIG_LINKS    = 
  CONFIG_COMMANDS = 
  $ ./config.status 

on ubu32

config.status:1178: creating Makefile
config.status:1178: creating config.h
config.status:1359: config.h is unchanged
config.status:1407: executing depfiles commands
config.status:1407: executing libtool commands

## ---------------- ##
## Cache variables. ##
## ---------------- ##

ac_cv_build=i686-pc-linux-gnu
ac_cv_c_bigendian=no
ac_cv_c_compiler_gnu=yes
ac_cv_cxx_compiler_gnu=yes
ac_cv_env_ALSA_CFLAGS_set=
ac_cv_env_ALSA_CFLAGS_value=
ac_cv_env_ALSA_LIBS_set=
ac_cv_env_ALSA_LIBS_value=
ac_cv_env_CCC_set=
ac_cv_env_CCC_value=
ac_cv_env_CC_set=
ac_cv_env_CC_value=
ac_cv_env_CFLAGS_set=
ac_cv_env_CFLAGS_value=
ac_cv_env_CPPFLAGS_set=
ac_cv_env_CPPFLAGS_value=
ac_cv_env_CPP_set=
ac_cv_env_CPP_value=
ac_cv_env_CXXCPP_set=
ac_cv_env_CXXCPP_value=
ac_cv_env_CXXFLAGS_set=
ac_cv_env_CXXFLAGS_value=
ac_cv_env_CXX_set=
ac_cv_env_CXX_value=
ac_cv_env_JACK_CFLAGS_set=
ac_cv_env_JACK_CFLAGS_value=
ac_cv_env_JACK_LIBS_set=
ac_cv_env_JACK_LIBS_value=
ac_cv_env_LDFLAGS_set=
ac_cv_env_LDFLAGS_value=
ac_cv_env_LIBLO_CFLAGS_set=
ac_cv_env_LIBLO_CFLAGS_value=
ac_cv_env_LIBLO_LIBS_set=
ac_cv_env_LIBLO_LIBS_value=
ac_cv_env_LIBS_set=
ac_cv_env_LIBS_value=
ac_cv_env_PKG_CONFIG_LIBDIR_set=
ac_cv_env_PKG_CONFIG_LIBDIR_value=
ac_cv_env_PKG_CONFIG_PATH_set=
ac_cv_env_PKG_CONFIG_PATH_value=
ac_cv_env_PKG_CONFIG_set=
ac_cv_env_PKG_CONFIG_value=
ac_cv_env_QT_CFLAGS_set=
ac_cv_env_QT_CFLAGS_value=
ac_cv_env_QT_LIBS_set=
ac_cv_env_QT_LIBS_value=
ac_cv_env_SNDFILE_CFLAGS_set=
ac_cv_env_SNDFILE_CFLAGS_value=
ac_cv_env_SNDFILE_LIBS_set=
ac_cv_env_SNDFILE_LIBS_value=
ac_cv_env_SRC_CFLAGS_set=
ac_cv_env_SRC_CFLAGS_value=
ac_cv_env_SRC_LIBS_set=
ac_cv_env_SRC_LIBS_value=
ac_cv_env_build_alias_set=
ac_cv_env_build_alias_value=
ac_cv_env_host_alias_set=
ac_cv_env_host_alias_value=
ac_cv_env_target_alias_set=
ac_cv_env_target_alias_value=
ac_cv_header_dlfcn_h=yes
ac_cv_header_inttypes_h=yes
ac_cv_header_ladspa_h=yes
ac_cv_header_memory_h=yes
ac_cv_header_stdc=yes
ac_cv_header_stdint_h=yes
ac_cv_header_stdlib_h=yes
ac_cv_header_string_h=yes
ac_cv_header_strings_h=yes
ac_cv_header_sys_stat_h=yes
ac_cv_header_sys_types_h=yes
ac_cv_header_unistd_h=yes
ac_cv_host=i686-pc-linux-gnu
ac_cv_objext=o
ac_cv_path_EGREP='/bin/grep -E'
ac_cv_path_FGREP='/bin/grep -F'
ac_cv_path_GREP=/bin/grep
ac_cv_path_SED=/bin/sed
ac_cv_path_ac_pt_PKG_CONFIG=/usr/bin/pkg-config
ac_cv_path_install='/usr/bin/install -c'
ac_cv_path_mkdir=/bin/mkdir
ac_cv_prog_AWK=mawk
ac_cv_prog_CPP='gcc -E'
ac_cv_prog_CXXCPP='g++ -E'
ac_cv_prog_ac_ct_AR=ar
ac_cv_prog_ac_ct_CC=gcc
ac_cv_prog_ac_ct_CXX=g++
ac_cv_prog_ac_ct_MANIFEST_TOOL=mt
ac_cv_prog_ac_ct_OBJDUMP=objdump
ac_cv_prog_ac_ct_RANLIB=ranlib
ac_cv_prog_ac_ct_STRIP=strip
ac_cv_prog_cc_c89=
ac_cv_prog_cc_g=yes
ac_cv_prog_cxx_g=yes
ac_cv_prog_make_make_set=yes
am_cv_CC_dependencies_compiler_type=gcc3
am_cv_CXX_dependencies_compiler_type=gcc3
lt_cv_ar_at_file=@
lt_cv_archive_cmds_need_lc=no
lt_cv_deplibs_check_method=pass_all
lt_cv_file_magic_cmd='$MAGIC_CMD'
lt_cv_file_magic_test_file=
lt_cv_ld_reload_flag=-r
lt_cv_nm_interface='BSD nm'
lt_cv_objdir=.libs
lt_cv_path_LD=/usr/bin/ld
lt_cv_path_LDCXX=/usr/bin/ld
lt_cv_path_NM='/usr/bin/nm -B'
lt_cv_path_mainfest_tool=no
lt_cv_prog_compiler_c_o=yes
lt_cv_prog_compiler_c_o_CXX=yes
lt_cv_prog_compiler_pic='-fPIC -DPIC'
lt_cv_prog_compiler_pic_CXX='-fPIC -DPIC'
lt_cv_prog_compiler_pic_works=yes
lt_cv_prog_compiler_pic_works_CXX=yes
lt_cv_prog_compiler_rtti_exceptions=no
lt_cv_prog_compiler_static_works=yes
lt_cv_prog_compiler_static_works_CXX=yes
lt_cv_prog_gnu_ld=yes
lt_cv_prog_gnu_ldcxx=yes
lt_cv_sharedlib_from_linklib_cmd='printf %s\n'
lt_cv_shlibpath_overrides_runpath=no
lt_cv_sys_global_symbol_pipe='sed -n -e '\''s/^.*[	 ]\([ABCDGIRSTW][ABCDGIRSTW]*\)[	 ][	 ]*\([_A-Za-z][_A-Za-z0-9]*\)$/\1 \2 \2/p'\'' | sed '\''/ __gnu_lto/d'\'''
lt_cv_sys_global_symbol_to_c_name_address='sed -n -e '\''s/^: \([^ ]*\)[ ]*$/  {\"\1\", (void *) 0},/p'\'' -e '\''s/^[ABCDGIRSTW]* \([^ ]*\) \([^ ]*\)$/  {"\2", (void *) \&\2},/p'\'''
lt_cv_sys_global_symbol_to_c_name_address_lib_prefix='sed -n -e '\''s/^: \([^ ]*\)[ ]*$/  {\"\1\", (void *) 0},/p'\'' -e '\''s/^[ABCDGIRSTW]* \([^ ]*\) \(lib[^ ]*\)$/  {"\2", (void *) \&\2},/p'\'' -e '\''s/^[ABCDGIRSTW]* \([^ ]*\) \([^ ]*\)$/  {"lib\2", (void *) \&\2},/p'\'''
lt_cv_sys_global_symbol_to_cdecl='sed -n -e '\''s/^T .* \(.*\)$/extern int \1();/p'\'' -e '\''s/^[ABCDGIRSTW]* .* \(.*\)$/extern char \1;/p'\'''
lt_cv_sys_max_cmd_len=1572864
lt_cv_to_host_file_cmd=func_convert_file_noop
lt_cv_to_tool_file_cmd=func_convert_file_noop
pkg_cv_ALSA_CFLAGS='-I/usr/include/alsa  '
pkg_cv_ALSA_LIBS='-lasound  '
pkg_cv_JACK_CFLAGS=' '
pkg_cv_JACK_LIBS='-ljack  '
pkg_cv_LIBLO_CFLAGS=' '
pkg_cv_LIBLO_LIBS='-llo -lpthread  '
pkg_cv_QT_CFLAGS='-DQT_SHARED -I/usr/include/qt4 -I/usr/include/qt4/QtCore -I/usr/include/qt4/QtGui  '
pkg_cv_QT_LIBS='-lQtGui -lQtCore  '
pkg_cv_SNDFILE_CFLAGS=' '
pkg_cv_SNDFILE_LIBS='-lsndfile  '
pkg_cv_SRC_CFLAGS=' '
pkg_cv_SRC_LIBS='-lsamplerate  '

## ----------------- ##
## Output variables. ##
## ----------------- ##

ACLOCAL='${SHELL} /home/bob/Desktop/libmodsynth-git/ray-v/missing --run aclocal-1.11'
ALSA_CFLAGS='-I/usr/include/alsa  '
ALSA_LIBS='-lasound  '
AMDEPBACKSLASH='\'
AMDEP_FALSE='#'
AMDEP_TRUE=''
AMTAR='${SHELL} /home/bob/Desktop/libmodsynth-git/ray-v/missing --run tar'
AR='ar'
AUTOCONF='${SHELL} /home/bob/Desktop/libmodsynth-git/ray-v/missing --run autoconf'
AUTOHEADER='${SHELL} /home/bob/Desktop/libmodsynth-git/ray-v/missing --run autoheader'
AUTOMAKE='${SHELL} /home/bob/Desktop/libmodsynth-git/ray-v/missing --run automake-1.11'
AWK='mawk'
BUILD_SAMPLER_FALSE='#'
BUILD_SAMPLER_TRUE=''
CC='gcc'
CCDEPMODE='depmode=gcc3'
CFLAGS='-g -O2 -Wall'
CPP='gcc -E'
CPPFLAGS=''
CXX='g++'
CXXCPP='g++ -E'
CXXDEPMODE='depmode=gcc3'
CXXFLAGS='-g -O2'
CYGPATH_W='echo'
DARWIN_FALSE=''
DARWIN_TRUE='#'
DEFS='-DHAVE_CONFIG_H'
DEPDIR='.deps'
DLLTOOL='false'
DSYMUTIL=''
DUMPBIN=''
ECHO_C=''
ECHO_N='-n'
ECHO_T=''
EGREP='/bin/grep -E'
EXEEXT=''
FGREP='/bin/grep -F'
GREP='/bin/grep'
HAVE_JACK_FALSE='#'
HAVE_JACK_TRUE=''
HAVE_LIBLO_FALSE='#'
HAVE_LIBLO_TRUE=''
HAVE_QT_FALSE='#'
HAVE_QT_TRUE=''
INSTALL_DATA='${INSTALL} -m 644'
INSTALL_PROGRAM='${INSTALL}'
INSTALL_SCRIPT='${INSTALL}'
INSTALL_STRIP_PROGRAM='$(install_sh) -c -s'
JACK_CFLAGS=' '
JACK_LIBS='-ljack  '
LD='/usr/bin/ld'
LDFLAGS=''
LIBLO_CFLAGS=' '
LIBLO_LIBS='-llo -lpthread  '
LIBOBJS=''
LIBS=''
LIBTOOL='$(SHELL) $(top_builddir)/libtool'
LIPO=''
LN_S='ln -s'
LTLIBOBJS=''
MAKEINFO='${SHELL} /home/bob/Desktop/libmodsynth-git/ray-v/missing --run makeinfo'
MANIFEST_TOOL=':'
MKDIR_P='/bin/mkdir -p'
NM='/usr/bin/nm -B'
NMEDIT=''
OBJDUMP='objdump'
OBJEXT='o'
OTOOL64=''
OTOOL=''
PACKAGE='libmodsynth'
PACKAGE_BUGREPORT='jhubbard651@users.sf.net'
PACKAGE_NAME='LibModSynth'
PACKAGE_STRING='LibModSynth 0.0.1'
PACKAGE_TARNAME='libmodsynth'
PACKAGE_URL=''
PACKAGE_VERSION='0.0.1'
PATH_SEPARATOR=':'
PKG_CONFIG='/usr/bin/pkg-config'
PKG_CONFIG_LIBDIR=''
PKG_CONFIG_PATH=''
QT_CFLAGS='-DQT_SHARED -I/usr/include/qt4 -I/usr/include/qt4/QtCore -I/usr/include/qt4/QtGui  '
QT_LIBS='-lQtGui -lQtCore   -lX11'
QT_MOC='/usr/bin/moc-qt4'
RANLIB='ranlib'
SED='/bin/sed'
SET_MAKE=''
SHELL='/bin/bash'
SNDFILE_CFLAGS=' '
SNDFILE_LIBS='-lsndfile  '
SRC_CFLAGS=' '
SRC_LIBS='-lsamplerate  '
STRIP='strip'
VERSION='0.0.1'
ac_ct_AR='ar'
ac_ct_CC='gcc'
ac_ct_CXX='g++'
ac_ct_DUMPBIN=''
am__EXEEXT_FALSE=''
am__EXEEXT_TRUE='#'
am__fastdepCC_FALSE='#'
am__fastdepCC_TRUE=''
am__fastdepCXX_FALSE='#'
am__fastdepCXX_TRUE=''
am__include='include'
am__isrc=''
am__leading_dot='.'
am__quote=''
am__tar='${AMTAR} chof - "$$tardir"'
am__untar='${AMTAR} xf -'
bindir='${exec_prefix}/bin'
build='i686-pc-linux-gnu'
build_alias=''
build_cpu='i686'
build_os='linux-gnu'
build_vendor='pc'
datadir='${datarootdir}'
datarootdir='${prefix}/share'
docdir='${datarootdir}/doc/${PACKAGE_TARNAME}'
dvidir='${docdir}'
exec_prefix='${prefix}'
host='i686-pc-linux-gnu'
host_alias=''
host_cpu='i686'
host_os='linux-gnu'
host_vendor='pc'
htmldir='${docdir}'
includedir='${prefix}/include'
infodir='${datarootdir}/info'
install_sh='${SHELL} /home/bob/Desktop/libmodsynth-git/ray-v/install-sh'
libdir='${exec_prefix}/lib'
libexecdir='${exec_prefix}/libexec'
localedir='${datarootdir}/locale'
localstatedir='${prefix}/var'
mandir='${datarootdir}/man'
mkdir_p='/bin/mkdir -p'
oldincludedir='/usr/include'
pdfdir='${docdir}'
prefix='/usr/local'
program_transform_name='s,x,x,'
psdir='${docdir}'
sbindir='${exec_prefix}/sbin'
sharedstatedir='${prefix}/com'
sysconfdir='${prefix}/etc'
target_alias=''

## ----------- ##
## confdefs.h. ##
## ----------- ##

/* confdefs.h */
#define PACKAGE_NAME "LibModSynth"
#define PACKAGE_TARNAME "libmodsynth"
#define PACKAGE_VERSION "0.0.1"
#define PACKAGE_STRING "LibModSynth 0.0.1"
#define PACKAGE_BUGREPORT "jhubbard651@users.sf.net"
#define PACKAGE_URL ""
#define PACKAGE "libmodsynth"
#define VERSION "0.0.1"
#define STDC_HEADERS 1
#define HAVE_SYS_TYPES_H 1
#define HAVE_SYS_STAT_H 1
#define HAVE_STDLIB_H 1
#define HAVE_STRING_H 1
#define HAVE_MEMORY_H 1
#define HAVE_STRINGS_H 1
#define HAVE_INTTYPES_H 1
#define HAVE_STDINT_H 1
#define HAVE_UNISTD_H 1
#define HAVE_DLFCN_H 1
#define LT_OBJDIR ".libs/"
#define HAVE_LADSPA_H 1
#define MIDI_ALSA 1

configure: exit 0

## ---------------------- ##
## Running config.status. ##
## ---------------------- ##

This file was extended by LibModSynth config.status 0.0.1, which was
generated by GNU Autoconf 2.68.  Invocation command line was

  CONFIG_FILES    = 
  CONFIG_HEADERS  = 
  CONFIG_LINKS    = 
  CONFIG_COMMANDS = 
  $ ./config.status config.h

on ubu32

config.status:1178: creating config.h
config.status:1359: config.h is unchanged
